This is pdfTeX, Version 3.14159265-2.6-1.40.20 (TeX Live 2019/Debian) (preloaded format=pdflatex 2021.9.29)  18 NOV 2021 11:48
entering extended mode
 restricted \write18 enabled.
 file:line:error style messages enabled.
 %&-line parsing enabled.
**/home/julian/Projects/Bachelorarbeit/Thesis-Dokument/vorlage.tex
(/home/julian/Projects/Bachelorarbeit/Thesis-Dokument/vorlage.tex
LaTeX2e <2020-02-02> patch level 2
L3 programming layer <2020-02-14> (./preamble/pre-class.tex) (/usr/share/texlive/texmf-dist/tex/latex/koma-script/scrbook.cls
Document Class: scrbook 2020/01/24 v3.29 KOMA-Script document class (book)
(/usr/share/texlive/texmf-dist/tex/latex/koma-script/scrkbase.sty
Package: scrkbase 2020/01/24 v3.29 KOMA-Script package (KOMA-Script-dependent basics and keyval usage)
 (/usr/share/texlive/texmf-dist/tex/latex/koma-script/scrbase.sty
Package: scrbase 2020/01/24 v3.29 KOMA-Script package (KOMA-Script-independent basics and keyval usage)
 (/usr/share/texlive/texmf-dist/tex/latex/graphics/keyval.sty
Package: keyval 2014/10/28 v1.15 key=value parser (DPC)
\KV@toks@=\toks14
) (/usr/share/texlive/texmf-dist/tex/latex/koma-script/scrlfile.sty
Package: scrlfile 2020/01/24 v3.29 KOMA-Script package (loading files)
))) (/usr/share/texlive/texmf-dist/tex/latex/koma-script/tocbasic.sty
Package: tocbasic 2020/01/24 v3.29 KOMA-Script package (handling toc-files)
\scr@dte@tocline@numberwidth=\skip47
\scr@dte@tocline@numbox=\box45
)
Package tocbasic Info: omitting babel extension for `toc'
(tocbasic)             because of feature `nobabel' available
(tocbasic)             for `toc' on input line 137.
Class scrbook Info: You've used standard option `final'.
(scrbook)           This is correct!
(scrbook)           Internally I'm using `draft=false'.
(scrbook)           If you'd like to set the option with \KOMAoptions,
(scrbook)           you'd have to use `draft=false' there
(scrbook)           instead of `final', too.
Package scrbook Info: You've used standard option `12pt'.
(scrbook)             This is correct!
(scrbook)             Internally I'm using `fontsize=12pt'.
(scrbook)             If you'd like to set the option with \KOMAoptions,
(scrbook)             you'd have to use `fontsize=12pt' there
(scrbook)             instead of `12pt', too.


Class scrbook Warning: You've used obsolete option `bigheadings'.
(scrbook)              Usage of this option indicates an old document
(scrbook)              and changes compatibility level using
(scrbook)              `headings=big,version=first,
(scrbook)              enabledeprecatedfontcommands' that may result
(scrbook)              in further warnings.
(scrbook)              If you don't want this, you should simply
(scrbook)              replace option `bigheadings' by `headings=big'.

Class scrbook Info: Switching compatibility level to `first'.

Class scrbook Warning: deprecated option `enabledeprecatedfontcommands'.
(scrbook)              Note, that this option was already depreacted when
(scrbook)              it has been defined. Support for old font commands
(scrbook)              has been removed from KOMA-Script more than one
(scrbook)              decade ago. It is not recommended to use them any
(scrbook)              longer. Therefore usage of this class option also
(scrbook)              is not recommended.

Class scrbook Info: You've used standard option `oneside'.
(scrbook)           This is correct!
(scrbook)           Internally I'm using `twoside=false'.
(scrbook)           If you'd like to set the option with \KOMAoptions,
(scrbook)           you'd have to use `twoside=false' there
(scrbook)           instead of `oneside', too.
Class scrbook Info: You've used standard option `openright'.
(scrbook)           This is correct!
(scrbook)           Internally I'm using `open=right'.
(scrbook)           If you'd like to set the option with \KOMAoptions,
(scrbook)           you'd have to use `open=right' there
(scrbook)           instead of `openright', too.

Class scrbook Warning: You've used obsolete option `nochapterprefix'.
(scrbook)              Usage of this option indicates an old document
(scrbook)              and changes compatibility level using
(scrbook)              `chapterprefix=false,version=first,
(scrbook)              enabledeprecatedfontcommands' that may result
(scrbook)              in further warnings.
(scrbook)              If you don't want this, you should simply
(scrbook)              replace option `nochapterprefix' by `chapterprefix=false'.

Class scrbook Info: Switching compatibility level to `first'.

Class scrbook Warning: deprecated option `enabledeprecatedfontcommands'.
(scrbook)              Note, that this option was already depreacted when
(scrbook)              it has been defined. Support for old font commands
(scrbook)              has been removed from KOMA-Script more than one
(scrbook)              decade ago. It is not recommended to use them any
(scrbook)              longer. Therefore usage of this class option also
(scrbook)              is not recommended.


Class scrbook Warning: You've used obsolete option `bibtotoc'.
(scrbook)              Usage of this option indicates an old document
(scrbook)              and changes compatibility level using
(scrbook)              `bibliography=totoc,version=first,
(scrbook)              enabledeprecatedfontcommands' that may result
(scrbook)              in further warnings.
(scrbook)              If you don't want this, you should simply
(scrbook)              replace option `bibtotoc' by `bibliography=totoc'.

Class scrbook Info: Switching compatibility level to `first'.

Class scrbook Warning: deprecated option `enabledeprecatedfontcommands'.
(scrbook)              Note, that this option was already depreacted when
(scrbook)              it has been defined. Support for old font commands
(scrbook)              has been removed from KOMA-Script more than one
(scrbook)              decade ago. It is not recommended to use them any
(scrbook)              longer. Therefore usage of this class option also
(scrbook)              is not recommended.


Class scrbook Warning: You've used obsolete option `tocindent'.
(scrbook)              Usage of this option indicates an old document
(scrbook)              and changes compatibility level using
(scrbook)              `toc=graduated,version=first,
(scrbook)              enabledeprecatedfontcommands' that may result
(scrbook)              in further warnings.
(scrbook)              If you don't want this, you should simply
(scrbook)              replace option `tocindent' by `toc=graduated'.

Class scrbook Info: Switching compatibility level to `first'.

Class scrbook Warning: deprecated option `enabledeprecatedfontcommands'.
(scrbook)              Note, that this option was already depreacted when
(scrbook)              it has been defined. Support for old font commands
(scrbook)              has been removed from KOMA-Script more than one
(scrbook)              decade ago. It is not recommended to use them any
(scrbook)              longer. Therefore usage of this class option also
(scrbook)              is not recommended.


Class scrbook Warning: You've used obsolete option `listsindent'.
(scrbook)              Usage of this option indicates an old document
(scrbook)              and changes compatibility level using
(scrbook)              `listof=graduated,version=first,
(scrbook)              enabledeprecatedfontcommands' that may result
(scrbook)              in further warnings.
(scrbook)              If you don't want this, you should simply
(scrbook)              replace option `listsindent' by `listof=graduated'.

Class scrbook Info: Switching compatibility level to `first'.

Class scrbook Warning: deprecated option `enabledeprecatedfontcommands'.
(scrbook)              Note, that this option was already depreacted when
(scrbook)              it has been defined. Support for old font commands
(scrbook)              has been removed from KOMA-Script more than one
(scrbook)              decade ago. It is not recommended to use them any
(scrbook)              longer. Therefore usage of this class option also
(scrbook)              is not recommended.


Class scrbook Warning: You've used obsolete option `pointlessnumbers'.
(scrbook)              Usage of this option indicates an old document
(scrbook)              and changes compatibility level using
(scrbook)              `numbers=noenddot,version=first,
(scrbook)              enabledeprecatedfontcommands' that may result
(scrbook)              in further warnings.
(scrbook)              If you don't want this, you should simply
(scrbook)              replace option `pointlessnumbers' by `numbers=noenddot'.

Class scrbook Info: Switching compatibility level to `first'.

Class scrbook Warning: deprecated option `enabledeprecatedfontcommands'.
(scrbook)              Note, that this option was already depreacted when
(scrbook)              it has been defined. Support for old font commands
(scrbook)              has been removed from KOMA-Script more than one
(scrbook)              decade ago. It is not recommended to use them any
(scrbook)              longer. Therefore usage of this class option also
(scrbook)              is not recommended.


Class scrbook Warning: You've used obsolete option `cleardoubleempty'.
(scrbook)              Usage of this option indicates an old document
(scrbook)              and changes compatibility level using
(scrbook)              `cleardoublepage=empty,version=first,
(scrbook)              enabledeprecatedfontcommands' that may result
(scrbook)              in further warnings.
(scrbook)              If you don't want this, you should simply
(scrbook)              replace option `cleardoubleempty' by `cleardoublepage=empty'.

Class scrbook Info: Switching compatibility level to `first'.

Class scrbook Warning: deprecated option `enabledeprecatedfontcommands'.
(scrbook)              Note, that this option was already depreacted when
(scrbook)              it has been defined. Support for old font commands
(scrbook)              has been removed from KOMA-Script more than one
(scrbook)              decade ago. It is not recommended to use them any
(scrbook)              longer. Therefore usage of this class option also
(scrbook)              is not recommended.

(/usr/share/texlive/texmf-dist/tex/latex/base/fleqn.clo
File: fleqn.clo 2016/12/29 v1.2b Standard LaTeX option (flush left equations)
\mathindent=\dimen134
Applying: [2015/01/01] Make \[ robust on input line 50.
LaTeX Info: Redefining \[ on input line 51.
Already applied: [0000/00/00] Make \[ robust on input line 62.
Applying: [2015/01/01] Make \] robust on input line 74.
LaTeX Info: Redefining \] on input line 75.
Already applied: [0000/00/00] Make \] robust on input line 83.
)

Class scrbook Warning: You've used obsolete option `halfparskip'.
(scrbook)              Usage of this option indicates an old document
(scrbook)              and changes compatibility level using
(scrbook)              `parskip=half,version=first,
(scrbook)              enabledeprecatedfontcommands' that may result
(scrbook)              in further warnings.
(scrbook)              If you don't want this, you should simply
(scrbook)              replace option `halfparskip' by `parskip=half'.

Class scrbook Info: Switching compatibility level to `first'.

Class scrbook Warning: deprecated option `enabledeprecatedfontcommands'.
(scrbook)              Note, that this option was already depreacted when
(scrbook)              it has been defined. Support for old font commands
(scrbook)              has been removed from KOMA-Script more than one
(scrbook)              decade ago. It is not recommended to use them any
(scrbook)              longer. Therefore usage of this class option also
(scrbook)              is not recommended.

Class scrbook Info: File `scrsize12pt.clo' used to setup font sizes on input line 2424.
(/usr/share/texlive/texmf-dist/tex/latex/koma-script/scrsize12pt.clo
File: scrsize12pt.clo 2020/01/24 v3.29 KOMA-Script font size class option (12pt)
) (/usr/share/texlive/texmf-dist/tex/latex/koma-script/typearea.sty
Package: typearea 2020/01/24 v3.29 KOMA-Script package (type area)
\ta@bcor=\skip48
\ta@div=\count167
Package typearea Info: You've used standard option `a4paper'.
(typearea)             This is correct!
(typearea)             Internally I'm using `paper=a4'.
(typearea)             If you'd like to set the option with \KOMAoptions,
(typearea)             you'd have to use `paper=a4' there
(typearea)             instead of `a4paper', too.
Package typearea Info: You've used standard option `oneside'.
(typearea)             This is correct!
(typearea)             Internally I'm using `twoside=false'.
(typearea)             If you'd like to set the option with \KOMAoptions,
(typearea)             you'd have to use `twoside=false' there
(typearea)             instead of `oneside', too.


Package typearea Warning: You've used obsolete option `BCOR5mm'.
(typearea)                Usage of this option indicates an old document
(typearea)                and changes compatibility level using
(typearea)                `BCOR=5mm,version=first,
(typearea)                enabledeprecatedfontcommands' that may result
(typearea)                in further warnings.
(typearea)                If you don't want this, you should simply
(typearea)                replace option `BCOR5mm' by `BCOR=5mm'.

Package typearea Info: Switching compatibility level to `first'.

Package typearea Warning: You've used obsolete option `DIV14'.
(typearea)                Usage of this option indicates an old document
(typearea)                and changes compatibility level using
(typearea)                `DIV=14,version=first,
(typearea)                enabledeprecatedfontcommands' that may result
(typearea)                in further warnings.
(typearea)                If you don't want this, you should simply
(typearea)                replace option `DIV14' by `DIV=14'.

Package typearea Info: Switching compatibility level to `first'.
\ta@hblk=\skip49
\ta@vblk=\skip50
\ta@temp=\skip51
\footheight=\skip52
Package typearea Info: These are the values describing the layout:
(typearea)             DIV  = 14
(typearea)             BCOR = 14.22636pt
(typearea)             \paperwidth      = 597.50793pt
(typearea)              \textwidth      = 458.29268pt
(typearea)              DIV departure   = -8%
(typearea)              \evensidemargin = 4.45082pt
(typearea)              \oddsidemargin  = 4.45082pt
(typearea)             \paperheight     = 845.04694pt
(typearea)              \textheight     = 635.5pt
(typearea)              \topmargin      = -11.9095pt
(typearea)              \headheight     = 15.95009pt
(typearea)              \headsep        = 21.75pt
(typearea)              \topskip        = 12.0pt
(typearea)              \footskip       = 50.75pt
(typearea)              \baselineskip   = 14.5pt
(typearea)              on input line 1719.
)
\c@part=\count168
\c@chapter=\count169
\c@section=\count170
\c@subsection=\count171
\c@subsubsection=\count172
\c@paragraph=\count173
\c@subparagraph=\count174
\scr@dte@chapter@maxnumwidth=\skip53
Class scrbook Info: using compatibility default `afterindent=bysign'
(scrbook)           for `\chapter on input line 5545.
\scr@dte@section@maxnumwidth=\skip54
Class scrbook Info: using compatibility default `runin=bysign'
(scrbook)           for `\section on input line 5555.
Class scrbook Info: using compatibility default `afterindent=bysign'
(scrbook)           for `\section on input line 5555.
\scr@dte@part@maxnumwidth=\skip55
Class scrbook Info: using compatibility default `afterindent=true'
(scrbook)           for `\part on input line 5564.
\scr@dte@subsection@maxnumwidth=\skip56
Class scrbook Info: using compatibility default `runin=bysign'
(scrbook)           for `\subsection on input line 5574.
Class scrbook Info: using compatibility default `afterindent=bysign'
(scrbook)           for `\subsection on input line 5574.
\scr@dte@subsubsection@maxnumwidth=\skip57
Class scrbook Info: using compatibility default `runin=bysign'
(scrbook)           for `\subsubsection on input line 5584.
Class scrbook Info: using compatibility default `afterindent=bysign'
(scrbook)           for `\subsubsection on input line 5584.
\scr@dte@paragraph@maxnumwidth=\skip58
Class scrbook Info: using compatibility default `runin=bysign'
(scrbook)           for `\paragraph on input line 5594.
Class scrbook Info: using compatibility default `afterindent=bysign'
(scrbook)           for `\paragraph on input line 5594.
\scr@dte@subparagraph@maxnumwidth=\skip59
Class scrbook Info: using compatibility default `runin=bysign'
(scrbook)           for `\subparagraph on input line 5604.
Class scrbook Info: using compatibility default `afterindent=bysign'
(scrbook)           for `\subparagraph on input line 5604.
\abovecaptionskip=\skip60
\belowcaptionskip=\skip61
\c@pti@nb@sid@b@x=\box46
Package tocbasic Info: omitting babel extension for `lof'
(tocbasic)             because of feature `nobabel' available
(tocbasic)             for `lof' on input line 6846.
\scr@dte@figure@maxnumwidth=\skip62
\c@figure=\count175
Package tocbasic Info: omitting babel extension for `lot'
(tocbasic)             because of feature `nobabel' available
(tocbasic)             for `lot' on input line 6867.
\scr@dte@table@maxnumwidth=\skip63
\c@table=\count176
Class scrbook Info: Using old \@makefntext due to compatibility level
(scrbook)           less than 3.22 on input line 7027.
Class scrbook Info: Redefining `\numberline' on input line 7040.
\bibindent=\dimen135
) (./preamble/pre-work.tex) (./preamble/pre-packages.tex (/usr/share/texlive/texmf-dist/tex/latex/base/inputenc.sty
Package: inputenc 2018/08/11 v1.3c Input encoding file
\inpenc@prehook=\toks15
\inpenc@posthook=\toks16
) (/usr/share/texlive/texmf-dist/tex/latex/tools/xspace.sty
Package: xspace 2014/10/28 v1.13 Space after command names (DPC,MH)
) (/usr/share/texlive/texmf-dist/tex/generic/iftex/ifpdf.sty
Package: ifpdf 2019/10/25 v3.4 ifpdf legacy package. Use iftex instead.
 (/usr/share/texlive/texmf-dist/tex/generic/iftex/iftex.sty
Package: iftex 2019/11/07 v1.0c TeX engine tests
)) (/usr/share/texlive/texmf-dist/tex/latex/tools/calc.sty
Package: calc 2017/05/25 v4.3 Infix arithmetic (KKT,FJ)
\calc@Acount=\count177
\calc@Bcount=\count178
\calc@Adimen=\dimen136
\calc@Bdimen=\dimen137
\calc@Askip=\skip64
\calc@Bskip=\skip65
LaTeX Info: Redefining \setlength on input line 80.
LaTeX Info: Redefining \addtolength on input line 81.
\calc@Ccount=\count179
\calc@Cskip=\skip66
) (/usr/share/texlive/texmf-dist/tex/generic/babel/babel.sty
Package: babel 2020/02/14 3.40 The Babel package
 (/usr/share/texlive/texmf-dist/tex/generic/babel/switch.def
File: switch.def 2020/02/14 3.40 Babel switching mechanism
) (/usr/share/texlive/texmf-dist/tex/generic/babel-german/ngerman.ldf
Language: ngerman 2018/12/08 v2.11 German support for babel (post-1996 orthography)
 (/usr/share/texlive/texmf-dist/tex/generic/babel-german/ngermanb.ldf
Language: ngermanb 2018/12/08 v2.11 German support for babel (post-1996 orthography)
 (/usr/share/texlive/texmf-dist/tex/generic/babel/babel.def
File: babel.def 2020/02/14 3.40 Babel common definitions
\babel@savecnt=\count180
\U@D=\dimen138
 (/usr/share/texlive/texmf-dist/tex/generic/babel/txtbabel.def)
\bbl@readstream=\read2
\bbl@dirlevel=\count181
)
Package babel Info: Making " an active character on input line 121.
))) (/usr/share/texlive/texmf-dist/tex/latex/xcolor/xcolor.sty
Package: xcolor 2016/05/11 v2.12 LaTeX color extensions (UK)
 (/usr/share/texlive/texmf-dist/tex/latex/graphics-cfg/color.cfg
File: color.cfg 2016/01/02 v1.6 sample color configuration
)
Package xcolor Info: Driver file: pdftex.def on input line 225.
 (/usr/share/texlive/texmf-dist/tex/latex/graphics-def/pdftex.def
File: pdftex.def 2018/01/08 v1.0l Graphics/color driver for pdftex
) (/usr/share/texlive/texmf-dist/tex/latex/colortbl/colortbl.sty
Package: colortbl 2020/01/04 v1.0e Color table columns (DPC)
 (/usr/share/texlive/texmf-dist/tex/latex/tools/array.sty
Package: array 2019/08/31 v2.4l Tabular extension package (FMi)
\col@sep=\dimen139
\ar@mcellbox=\box47
\extrarowheight=\dimen140
\NC@list=\toks17
\extratabsurround=\skip67
\backup@length=\skip68
\ar@cellbox=\box48
)
\everycr=\toks18
\minrowclearance=\skip69
)
\rownum=\count182
Package xcolor Info: Model `cmy' substituted by `cmy0' on input line 1348.
Package xcolor Info: Model `hsb' substituted by `rgb' on input line 1352.
Package xcolor Info: Model `RGB' extended on input line 1364.
Package xcolor Info: Model `HTML' substituted by `rgb' on input line 1366.
Package xcolor Info: Model `Hsb' substituted by `hsb' on input line 1367.
Package xcolor Info: Model `tHsb' substituted by `hsb' on input line 1368.
Package xcolor Info: Model `HSB' substituted by `hsb' on input line 1369.
Package xcolor Info: Model `Gray' substituted by `gray' on input line 1370.
Package xcolor Info: Model `wave' substituted by `hsb' on input line 1371.
) (/usr/share/texlive/texmf-dist/tex/latex/graphics/graphicx.sty
Package: graphicx 2019/11/30 v1.2a Enhanced LaTeX Graphics (DPC,SPQR)
 (/usr/share/texlive/texmf-dist/tex/latex/graphics/graphics.sty
Package: graphics 2019/11/30 v1.4a Standard LaTeX Graphics (DPC,SPQR)
 (/usr/share/texlive/texmf-dist/tex/latex/graphics/trig.sty
Package: trig 2016/01/03 v1.10 sin cos tan (DPC)
) (/usr/share/texlive/texmf-dist/tex/latex/graphics-cfg/graphics.cfg
File: graphics.cfg 2016/06/04 v1.11 sample graphics configuration
)
Package graphics Info: Driver file: pdftex.def on input line 105.
)
\Gin@req@height=\dimen141
\Gin@req@width=\dimen142
) (/usr/share/texlive/texmf-dist/tex/latex/epstopdf-pkg/epstopdf.sty
Package: epstopdf 2020-01-24 v2.11 Conversion with epstopdf on the fly (HO)
 (/usr/share/texlive/texmf-dist/tex/generic/infwarerr/infwarerr.sty
Package: infwarerr 2019/12/03 v1.5 Providing info/warning/error messages (HO)
) (/usr/share/texlive/texmf-dist/tex/latex/grfext/grfext.sty
Package: grfext 2019/12/03 v1.3 Manage graphics extensions (HO)
 (/usr/share/texlive/texmf-dist/tex/generic/kvdefinekeys/kvdefinekeys.sty
Package: kvdefinekeys 2019-12-19 v1.6 Define keys (HO)
)) (/usr/share/texlive/texmf-dist/tex/latex/kvoptions/kvoptions.sty
Package: kvoptions 2019/11/29 v3.13 Key value format for package options (HO)
 (/usr/share/texlive/texmf-dist/tex/generic/ltxcmds/ltxcmds.sty
Package: ltxcmds 2019/12/15 v1.24 LaTeX kernel commands for general use (HO)
) (/usr/share/texlive/texmf-dist/tex/generic/kvsetkeys/kvsetkeys.sty
Package: kvsetkeys 2019/12/15 v1.18 Key value parser (HO)
)) (/usr/share/texlive/texmf-dist/tex/latex/pdftexcmds/pdftexcmds.sty
Package: pdftexcmds 2019/11/24 v0.31 Utility functions of pdfTeX for LuaTeX (HO)
Package pdftexcmds Info: \pdf@primitive is available.
Package pdftexcmds Info: \pdf@ifprimitive is available.
Package pdftexcmds Info: \pdfdraftmode found.
) (/usr/share/texlive/texmf-dist/tex/latex/epstopdf-pkg/epstopdf-base.sty
Package: epstopdf-base 2020-01-24 v2.11 Base part for package epstopdf
Package epstopdf-base Info: Redefining graphics rule for `.eps' on input line 485.
Package grfext Info: Graphics extension search list:
(grfext)             [.pdf,.png,.jpg,.mps,.jpeg,.jbig2,.jb2,.PDF,.PNG,.JPG,.JPEG,.JBIG2,.JB2,.eps]
(grfext)             \AppendGraphicsExtensions on input line 504.
 (/usr/share/texlive/texmf-dist/tex/latex/latexconfig/epstopdf-sys.cfg
File: epstopdf-sys.cfg 2010/07/13 v1.3 Configuration of (r)epstopdf for TeX Live
))) (/usr/share/texlive/texmf-dist/tex/latex/amsmath/amsmath.sty
Package: amsmath 2020/01/20 v2.17e AMS math features
\@mathmargin=\skip70

For additional information on amsmath, use the `?' option.
(/usr/share/texlive/texmf-dist/tex/latex/amsmath/amstext.sty
Package: amstext 2000/06/29 v2.01 AMS text
 (/usr/share/texlive/texmf-dist/tex/latex/amsmath/amsgen.sty
File: amsgen.sty 1999/11/30 v2.0 generic functions
\@emptytoks=\toks19
\ex@=\dimen143
)) (/usr/share/texlive/texmf-dist/tex/latex/amsmath/amsbsy.sty
Package: amsbsy 1999/11/29 v1.2d Bold Symbols
\pmbraise@=\dimen144
) (/usr/share/texlive/texmf-dist/tex/latex/amsmath/amsopn.sty
Package: amsopn 2016/03/08 v2.02 operator names
)
\inf@bad=\count183
LaTeX Info: Redefining \frac on input line 227.
\uproot@=\count184
\leftroot@=\count185
LaTeX Info: Redefining \overline on input line 389.
\classnum@=\count186
\DOTSCASE@=\count187
LaTeX Info: Redefining \ldots on input line 486.
LaTeX Info: Redefining \dots on input line 489.
LaTeX Info: Redefining \cdots on input line 610.
\Mathstrutbox@=\box49
\strutbox@=\box50
\big@size=\dimen145
LaTeX Font Info:    Redeclaring font encoding OML on input line 733.
LaTeX Font Info:    Redeclaring font encoding OMS on input line 734.
\macc@depth=\count188
\c@MaxMatrixCols=\count189
\dotsspace@=\muskip16
\c@parentequation=\count190
\dspbrk@lvl=\count191
\tag@help=\toks20
\row@=\count192
\column@=\count193
\maxfields@=\count194
\andhelp@=\toks21
\eqnshift@=\dimen146
\alignsep@=\dimen147
\tagshift@=\dimen148
\tagwidth@=\dimen149
\totwidth@=\dimen150
\lineht@=\dimen151
\@envbody=\toks22
\multlinegap=\skip71
\multlinetaggap=\skip72
\mathdisplay@stack=\toks23
LaTeX Info: Redefining \[ on input line 2859.
LaTeX Info: Redefining \] on input line 2860.
) (/usr/share/texlive/texmf-dist/tex/latex/ragged2e/ragged2e.sty
Package: ragged2e 2019/07/28 v2.2 ragged2e Package (MS)
 (/usr/share/texlive/texmf-dist/tex/latex/ms/everysel.sty
Package: everysel 2011/10/28 v1.2 EverySelectfont Package (MS)
)
\CenteringLeftskip=\skip73
\RaggedLeftLeftskip=\skip74
\RaggedRightLeftskip=\skip75
\CenteringRightskip=\skip76
\RaggedLeftRightskip=\skip77
\RaggedRightRightskip=\skip78
\CenteringParfillskip=\skip79
\RaggedLeftParfillskip=\skip80
\RaggedRightParfillskip=\skip81
\JustifyingParfillskip=\skip82
\CenteringParindent=\skip83
\RaggedLeftParindent=\skip84
\RaggedRightParindent=\skip85
\JustifyingParindent=\skip86
) (/usr/share/texlive/texmf-dist/tex/latex/base/fontenc.sty
Package: fontenc 2020/02/11 v2.0o Standard LaTeX package
) (/usr/share/texlive/texmf-dist/tex/latex/base/textcomp.sty
Package: textcomp 2020/02/02 v2.0n Standard LaTeX package
) (/usr/share/texmf/tex/latex/lm/lmodern.sty
Package: lmodern 2009/10/30 v1.6 Latin Modern Fonts
LaTeX Font Info:    Overwriting symbol font `operators' in version `normal'
(Font)                  OT1/cmr/m/n --> OT1/lmr/m/n on input line 22.
LaTeX Font Info:    Overwriting symbol font `letters' in version `normal'
(Font)                  OML/cmm/m/it --> OML/lmm/m/it on input line 23.
LaTeX Font Info:    Overwriting symbol font `symbols' in version `normal'
(Font)                  OMS/cmsy/m/n --> OMS/lmsy/m/n on input line 24.
LaTeX Font Info:    Overwriting symbol font `largesymbols' in version `normal'
(Font)                  OMX/cmex/m/n --> OMX/lmex/m/n on input line 25.
LaTeX Font Info:    Overwriting symbol font `operators' in version `bold'
(Font)                  OT1/cmr/bx/n --> OT1/lmr/bx/n on input line 26.
LaTeX Font Info:    Overwriting symbol font `letters' in version `bold'
(Font)                  OML/cmm/b/it --> OML/lmm/b/it on input line 27.
LaTeX Font Info:    Overwriting symbol font `symbols' in version `bold'
(Font)                  OMS/cmsy/b/n --> OMS/lmsy/b/n on input line 28.
LaTeX Font Info:    Overwriting symbol font `largesymbols' in version `bold'
(Font)                  OMX/cmex/m/n --> OMX/lmex/m/n on input line 29.
LaTeX Font Info:    Overwriting math alphabet `\mathbf' in version `normal'
(Font)                  OT1/cmr/bx/n --> OT1/lmr/bx/n on input line 31.
LaTeX Font Info:    Overwriting math alphabet `\mathsf' in version `normal'
(Font)                  OT1/cmss/m/n --> OT1/lmss/m/n on input line 32.
LaTeX Font Info:    Overwriting math alphabet `\mathit' in version `normal'
(Font)                  OT1/cmr/m/it --> OT1/lmr/m/it on input line 33.
LaTeX Font Info:    Overwriting math alphabet `\mathtt' in version `normal'
(Font)                  OT1/cmtt/m/n --> OT1/lmtt/m/n on input line 34.
LaTeX Font Info:    Overwriting math alphabet `\mathbf' in version `bold'
(Font)                  OT1/cmr/bx/n --> OT1/lmr/bx/n on input line 35.
LaTeX Font Info:    Overwriting math alphabet `\mathsf' in version `bold'
(Font)                  OT1/cmss/bx/n --> OT1/lmss/bx/n on input line 36.
LaTeX Font Info:    Overwriting math alphabet `\mathit' in version `bold'
(Font)                  OT1/cmr/bx/it --> OT1/lmr/bx/it on input line 37.
LaTeX Font Info:    Overwriting math alphabet `\mathtt' in version `bold'
(Font)                  OT1/cmtt/m/n --> OT1/lmtt/m/n on input line 38.
) (/usr/share/texlive/texmf-dist/tex/latex/mathtools/mathtools.sty
Package: mathtools 2020/01/17 v1.23 mathematical typesetting tools
 (/usr/share/texlive/texmf-dist/tex/latex/mathtools/mhsetup.sty
Package: mhsetup 2017/03/31 v1.3 programming setup (MH)
)
LaTeX Info: Thecontrolsequence`\('isalreadyrobust on input line 129.
LaTeX Info: Thecontrolsequence`\)'isalreadyrobust on input line 129.
LaTeX Info: Thecontrolsequence`\['isalreadyrobust on input line 129.
LaTeX Info: Thecontrolsequence`\]'isalreadyrobust on input line 129.
\g_MT_multlinerow_int=\count195
\l_MT_multwidth_dim=\dimen152
\origjot=\skip87
\l_MT_shortvdotswithinadjustabove_dim=\dimen153
\l_MT_shortvdotswithinadjustbelow_dim=\dimen154
\l_MT_above_intertext_sep=\dimen155
\l_MT_below_intertext_sep=\dimen156
\l_MT_above_shortintertext_sep=\dimen157
\l_MT_below_shortintertext_sep=\dimen158
) (/usr/share/texlive/texmf-dist/tex/latex/was/fixmath.sty
Package: fixmath 2000/04/11 v0.9 (WaS)
LaTeX Font Info:    Redeclaring math symbol \Gamma on input line 27.
LaTeX Font Info:    Redeclaring math symbol \Delta on input line 28.
LaTeX Font Info:    Redeclaring math symbol \Theta on input line 29.
LaTeX Font Info:    Redeclaring math symbol \Lambda on input line 30.
LaTeX Font Info:    Redeclaring math symbol \Xi on input line 31.
LaTeX Font Info:    Redeclaring math symbol \Pi on input line 32.
LaTeX Font Info:    Redeclaring math symbol \Sigma on input line 33.
LaTeX Font Info:    Redeclaring math symbol \Upsilon on input line 34.
LaTeX Font Info:    Redeclaring math symbol \Phi on input line 35.
LaTeX Font Info:    Redeclaring math symbol \Psi on input line 36.
LaTeX Font Info:    Redeclaring math symbol \Omega on input line 37.
LaTeX Font Info:    Redeclaring math symbol \alpha on input line 38.
LaTeX Font Info:    Redeclaring math symbol \beta on input line 39.
LaTeX Font Info:    Redeclaring math symbol \gamma on input line 40.
LaTeX Font Info:    Redeclaring math symbol \delta on input line 41.
LaTeX Font Info:    Redeclaring math symbol \epsilon on input line 42.
LaTeX Font Info:    Redeclaring math symbol \zeta on input line 43.
LaTeX Font Info:    Redeclaring math symbol \eta on input line 44.
LaTeX Font Info:    Redeclaring math symbol \theta on input line 45.
LaTeX Font Info:    Redeclaring math symbol \iota on input line 46.
LaTeX Font Info:    Redeclaring math symbol \kappa on input line 47.
LaTeX Font Info:    Redeclaring math symbol \lambda on input line 48.
LaTeX Font Info:    Redeclaring math symbol \mu on input line 49.
LaTeX Font Info:    Redeclaring math symbol \nu on input line 50.
LaTeX Font Info:    Redeclaring math symbol \xi on input line 51.
LaTeX Font Info:    Redeclaring math symbol \pi on input line 52.
LaTeX Font Info:    Redeclaring math symbol \rho on input line 53.
LaTeX Font Info:    Redeclaring math symbol \sigma on input line 54.
LaTeX Font Info:    Redeclaring math symbol \tau on input line 55.
LaTeX Font Info:    Redeclaring math symbol \upsilon on input line 56.
LaTeX Font Info:    Redeclaring math symbol \phi on input line 57.
LaTeX Font Info:    Redeclaring math symbol \chi on input line 58.
LaTeX Font Info:    Redeclaring math symbol \psi on input line 59.
LaTeX Font Info:    Redeclaring math symbol \omega on input line 60.
LaTeX Font Info:    Redeclaring math symbol \varepsilon on input line 61.
LaTeX Font Info:    Redeclaring math symbol \vartheta on input line 62.
LaTeX Font Info:    Redeclaring math symbol \varpi on input line 63.
LaTeX Font Info:    Redeclaring math symbol \varphi on input line 64.
LaTeX Font Info:    Redeclaring math symbol \varrho on input line 65.
LaTeX Font Info:    Redeclaring math symbol \varsigma on input line 66.
) (/usr/share/texlive/texmf-dist/tex/latex/onlyamsmath/onlyamsmath.sty
Package: onlyamsmath 2016/12/18 v0.20 Destroy the standard math environments
) (/usr/share/texlive/texmf-dist/tex/latex/was/icomma.sty
Package: icomma 2002/03/10 v2.0 (WaS)
) (/usr/share/texlive/texmf-dist/tex/latex/amsfonts/amssymb.sty
Package: amssymb 2013/01/14 v3.01 AMS font symbols
 (/usr/share/texlive/texmf-dist/tex/latex/amsfonts/amsfonts.sty
Package: amsfonts 2013/01/14 v3.01 Basic AMSFonts support
\symAMSa=\mathgroup4
\symAMSb=\mathgroup5
LaTeX Font Info:    Redeclaring math symbol \hbar on input line 98.
LaTeX Font Info:    Overwriting math alphabet `\mathfrak' in version `bold'
(Font)                  U/euf/m/n --> U/euf/b/n on input line 106.
)) (/usr/share/texlive/texmf-dist/tex/latex/url/url.sty
\Urlmuskip=\muskip17
Package: url 2013/09/16  ver 3.4  Verb mode for urls, etc.
) (/usr/share/texlive/texmf-dist/tex/latex/footmisc/footmisc.sty
Package: footmisc 2011/06/06 v5.5b a miscellany of footnote facilities
\FN@temptoken=\toks24
\footnotemargin=\dimen159
\c@pp@next@reset=\count196
\c@@fnserial=\count197
Package footmisc Info: Declaring symbol style bringhurst on input line 855.
Package footmisc Info: Declaring symbol style chicago on input line 863.
Package footmisc Info: Declaring symbol style wiley on input line 872.
Package footmisc Info: Declaring symbol style lamport-robust on input line 883.
Package footmisc Info: Declaring symbol style lamport* on input line 903.
Package footmisc Info: Declaring symbol style lamport*-robust on input line 924.
) (/usr/share/texlive/texmf-dist/tex/latex/tools/varioref.sty
Package: varioref 2020/01/23 v1.6c package for extended references (FMi)
\c@vrcnt=\count198
) (/usr/share/texlive/texmf-dist/tex/latex/enumitem/enumitem.sty
Package: enumitem 2019/06/20 v3.9 Customized lists
\labelindent=\skip88
\enit@outerparindent=\dimen160
\enit@toks=\toks25
\enit@inbox=\box51
\enit@count@id=\count199
\enitdp@description=\count266
) (/usr/share/texlive/texmf-dist/tex/latex/csquotes/csquotes.sty
Package: csquotes 2019-12-06 v5.2j context-sensitive quotations (JAW)
 (/usr/share/texlive/texmf-dist/tex/latex/etoolbox/etoolbox.sty
Package: etoolbox 2019/09/21 v2.5h e-TeX tools for LaTeX (JAW)
\etb@tempcnta=\count267
)
\csq@reset=\count268
\csq@gtype=\count269
\csq@glevel=\count270
\csq@qlevel=\count271
\csq@maxlvl=\count272
\csq@tshold=\count273
\csq@ltx@everypar=\toks26
 (/usr/share/texlive/texmf-dist/tex/latex/csquotes/csquotes.def
File: csquotes.def 2019-12-06 v5.2j csquotes generic definitions (JAW)
)
Package csquotes Info: Trying to load configuration file 'csquotes.cfg'...
Package csquotes Info: ... configuration file loaded successfully.
 (/usr/share/texlive/texmf-dist/tex/latex/csquotes/csquotes.cfg
File: csquotes.cfg 
)
Package csquotes Info: Option 'babel' depreciated.
(csquotes)             Using 'autostyle'.
Package csquotes Info: Enabling multilingual quotes.
Package csquotes Info: Redefining alias 'german' -> 'german/quotes'.
Package csquotes Info: Redefining alias 'english' -> 'english/british'.
Package csquotes Info: Redefining alias 'french' -> 'french/guillemets'.
) (/usr/share/texlive/texmf-dist/tex/latex/pdfpages/pdfpages.sty
Package: pdfpages 2020/01/28 v0.5q Insert pages of external PDF documents (AM)
 (/usr/share/texlive/texmf-dist/tex/latex/base/ifthen.sty
Package: ifthen 2014/09/29 v1.1c Standard LaTeX ifthen package (DPC)
) (/usr/share/texlive/texmf-dist/tex/latex/eso-pic/eso-pic.sty
Package: eso-pic 2018/04/12 v2.0h eso-pic (RN)
 (/usr/share/texlive/texmf-dist/tex/generic/atbegshi/atbegshi.sty
Package: atbegshi 2019/12/05 v1.19 At begin shipout hook (HO)
))
\AM@pagewidth=\dimen161
\AM@pageheight=\dimen162
 (/usr/share/texlive/texmf-dist/tex/latex/pdfpages/pppdftex.def
File: pppdftex.def 2020/01/28 v0.5q Pdfpages driver for pdfTeX (AM)
)
\AM@pagebox=\box52
\AM@global@opts=\toks27
\AM@pagecnt=\count274
\AM@toc@title=\toks28
\c@AM@survey=\count275
\AM@templatesizebox=\box53
) (/usr/share/texlive/texmf-dist/tex/latex/hyperref/hyperref.sty
Package: hyperref 2020/01/14 v7.00d Hypertext links for LaTeX
 (/usr/share/texlive/texmf-dist/tex/generic/pdfescape/pdfescape.sty
Package: pdfescape 2019/12/09 v1.15 Implements pdfTeX's escape features (HO)
) (/usr/share/texlive/texmf-dist/tex/latex/hycolor/hycolor.sty
Package: hycolor 2020-01-27 v1.10 Color options for hyperref/bookmark (HO)
) (/usr/share/texlive/texmf-dist/tex/latex/letltxmacro/letltxmacro.sty
Package: letltxmacro 2019/12/03 v1.6 Let assignment for LaTeX macros (HO)
) (/usr/share/texlive/texmf-dist/tex/latex/auxhook/auxhook.sty
Package: auxhook 2019-12-17 v1.6 Hooks for auxiliary files (HO)
)
\@linkdim=\dimen163
\Hy@linkcounter=\count276
\Hy@pagecounter=\count277
 (/usr/share/texlive/texmf-dist/tex/latex/hyperref/pd1enc.def
File: pd1enc.def 2020/01/14 v7.00d Hyperref: PDFDocEncoding definition (HO)
Now handling font encoding PD1 ...
... no UTF-8 mapping file for font encoding PD1
) (/usr/share/texlive/texmf-dist/tex/generic/intcalc/intcalc.sty
Package: intcalc 2019/12/15 v1.3 Expandable calculations with integers (HO)
) (/usr/share/texlive/texmf-dist/tex/generic/etexcmds/etexcmds.sty
Package: etexcmds 2019/12/15 v1.7 Avoid name clashes with e-TeX commands (HO)
)
\Hy@SavedSpaceFactor=\count278
\pdfmajorversion=\count279
Package hyperref Info: Option `final' set `true' on input line 4421.
Package hyperref Info: Hyper figures OFF on input line 4547.
Package hyperref Info: Link nesting OFF on input line 4552.
Package hyperref Info: Hyper index ON on input line 4555.
Package hyperref Info: Plain pages OFF on input line 4562.
Package hyperref Info: Backreferencing OFF on input line 4567.
Package hyperref Info: Implicit mode ON; LaTeX internals redefined.
Package hyperref Info: Bookmarks ON on input line 4800.
\c@Hy@tempcnt=\count280
LaTeX Info: Redefining \url on input line 5159.
\XeTeXLinkMargin=\dimen164
 (/usr/share/texlive/texmf-dist/tex/generic/bitset/bitset.sty
Package: bitset 2019/12/09 v1.3 Handle bit-vector datatype (HO)
 (/usr/share/texlive/texmf-dist/tex/generic/bigintcalc/bigintcalc.sty
Package: bigintcalc 2019/12/15 v1.5 Expandable calculations on big integers (HO)
))
\Fld@menulength=\count281
\Field@Width=\dimen165
\Fld@charsize=\dimen166
Package hyperref Info: Hyper figures OFF on input line 6430.
Package hyperref Info: Link nesting OFF on input line 6435.
Package hyperref Info: Hyper index ON on input line 6438.
Package hyperref Info: backreferencing OFF on input line 6445.
Package hyperref Info: Link coloring OFF on input line 6450.
Package hyperref Info: Link coloring with OCG OFF on input line 6455.
Package hyperref Info: PDF/A mode OFF on input line 6460.
LaTeX Info: Redefining \ref on input line 6500.
LaTeX Info: Redefining \pageref on input line 6504.
\Hy@abspage=\count282
\c@Item=\count283
\c@Hfootnote=\count284
)
Package hyperref Info: Driver: hpdftex.
 (/usr/share/texlive/texmf-dist/tex/latex/hyperref/hpdftex.def
File: hpdftex.def 2020/01/14 v7.00d Hyperref driver for pdfTeX
 (/usr/share/texlive/texmf-dist/tex/latex/atveryend/atveryend.sty
Package: atveryend 2019-12-11 v1.11 Hooks at the very end of document (HO)
)
\Fld@listcount=\count285
\c@bookmark@seq@number=\count286
 (/usr/share/texlive/texmf-dist/tex/latex/rerunfilecheck/rerunfilecheck.sty
Package: rerunfilecheck 2019/12/05 v1.9 Rerun checks for auxiliary files (HO)
 (/usr/share/texlive/texmf-dist/tex/generic/uniquecounter/uniquecounter.sty
Package: uniquecounter 2019/12/15 v1.4 Provide unlimited unique counter (HO)
)
Package uniquecounter Info: New unique counter `rerunfilecheck' on input line 286.
)
\Hy@SectionHShift=\skip89
)
Package hyperref Info: Option `colorlinks' set `true' on input line 172.
Package hyperref Info: Option `raiselinks' set `true' on input line 172.
Package hyperref Info: Option `breaklinks' set `true' on input line 172.
Package hyperref Info: Option `verbose' set `true' on input line 172.
Package hyperref Info: Option `linktocpage' set `true' on input line 172.
Package hyperref Info: Option `bookmarksopen' set `true' on input line 172.
Package hyperref Info: Option `bookmarksnumbered' set `true' on input line 172.
Package hyperref Info: Option `plainpages' set `false' on input line 172.
Package hyperref Info: Option `pageanchor' set `true' on input line 172.


Package hyperref Warning: Token not allowed in a PDF string (PDFDocEncoding):
(hyperref)                removing `\\' on input line 172.


Package hyperref Warning: Token not allowed in a PDF string (PDFDocEncoding):
(hyperref)                removing `\\' on input line 172.

(/usr/share/texlive/texmf-dist/tex/latex/booktabs/booktabs.sty
Package: booktabs 2020/01/12 v1.61803398 Publication quality tables
\heavyrulewidth=\dimen167
\lightrulewidth=\dimen168
\cmidrulewidth=\dimen169
\belowrulesep=\dimen170
\belowbottomsep=\dimen171
\aboverulesep=\dimen172
\abovetopsep=\dimen173
\cmidrulesep=\dimen174
\cmidrulekern=\dimen175
\defaultaddspace=\dimen176
\@cmidla=\count287
\@cmidlb=\count288
\@aboverulesep=\dimen177
\@belowrulesep=\dimen178
\@thisruleclass=\count289
\@lastruleclass=\count290
\@thisrulewidth=\dimen179
) (/usr/share/texlive/texmf-dist/tex/latex/tools/tabularx.sty
Package: tabularx 2020/01/15 v2.11c `tabularx' package (DPC)
\TX@col@width=\dimen180
\TX@old@table=\dimen181
\TX@old@col=\dimen182
\TX@target=\dimen183
\TX@delta=\dimen184
\TX@cols=\count291
\TX@ftn=\toks29
) (/usr/share/texlive/texmf-dist/tex/latex/multirow/multirow.sty
Package: multirow 2019/05/31 v2.5 Span multiple rows of a table
\multirow@colwidth=\skip90
\multirow@cntb=\count292
\multirow@dima=\skip91
\bigstrutjot=\dimen185
) (/usr/share/texlive/texmf-dist/tex/latex/float/float.sty
Package: float 2001/11/08 v1.3d Float enhancements (AL)
\c@float@type=\count293
\float@exts=\toks30
\float@box=\box54
\@float@everytoks=\toks31
\@floatcapt=\box55
) (/usr/share/texlive/texmf-dist/tex/latex/base/flafter.sty
Package: flafter 2018/11/28 v1.4d Standard LaTeX floats after reference (FMi)
Applying: [2015/01/01] float order in 2-column on input line 49.
Already applied: [0000/00/00] float order in 2-column on input line 151.
) (/usr/share/texlive/texmf-dist/tex/latex/subfig/subfig.sty
Package: subfig 2005/06/28 ver: 1.3 subfig package
 (/usr/share/texlive/texmf-dist/tex/latex/caption/caption.sty
Package: caption 2020/01/03 v3.4h Customizing captions (AR)
 (/usr/share/texlive/texmf-dist/tex/latex/caption/caption3.sty
Package: caption3 2020/01/03 v1.8h caption3 kernel (AR)
Package caption3 Info: TeX engine: e-TeX on input line 61.
\captionmargin=\dimen186
\captionmargin@=\dimen187
\captionwidth=\dimen188
\caption@tempdima=\dimen189
\caption@indent=\dimen190
\caption@parindent=\dimen191
\caption@hangindent=\dimen192
Package caption Info: KOMA-Script document class detected.
)
Package caption Info: KOMA-Script document class.
\c@caption@flags=\count294
\c@continuedfloat=\count295
Package caption Info: float package is loaded.
Package caption Info: hyperref package is loaded.
)
\c@KVtest=\count296
\sf@farskip=\skip92
\sf@captopadj=\dimen193
\sf@capskip=\skip93
\sf@nearskip=\skip94
\c@subfigure=\count297
\c@subfigure@save=\count298
\c@lofdepth=\count299
\c@subtable=\count300
\c@subtable@save=\count301
\c@lotdepth=\count302
\sf@top=\skip95
\sf@bottom=\skip96
) (/usr/share/texlive/texmf-dist/tex/latex/wrapfig/wrapfig.sty
\wrapoverhang=\dimen194
\WF@size=\dimen195
\c@WF@wrappedlines=\count303
\WF@box=\box56
\WF@everypar=\toks32
Package: wrapfig 2003/01/31  v 3.6
) (/usr/share/texlive/texmf-dist/tex/latex/placeins/placeins.sty
Package: placeins 2005/04/18  v 2.2
) (/usr/share/texlive/texmf-dist/tex/latex/upquote/upquote.sty
Package: upquote 2012/04/19 v1.3 upright-quote and grave-accent glyphs in verbatim
) (/usr/share/texlive/texmf-dist/tex/latex/listings/listings.sty
\lst@mode=\count304
\lst@gtempboxa=\box57
\lst@token=\toks33
\lst@length=\count305
\lst@currlwidth=\dimen196
\lst@column=\count306
\lst@pos=\count307
\lst@lostspace=\dimen197
\lst@width=\dimen198
\lst@newlines=\count308
\lst@lineno=\count309
\lst@maxwidth=\dimen199
 (/usr/share/texlive/texmf-dist/tex/latex/listings/lstmisc.sty
File: lstmisc.sty 2019/09/10 1.8c (Carsten Heinz)
\c@lstnumber=\count310
\lst@skipnumbers=\count311
\lst@framebox=\box58
) (/usr/share/texlive/texmf-dist/tex/latex/listings/listings.cfg
File: listings.cfg 2019/09/10 1.8c listings configuration
))
Package: listings 2019/09/10 1.8c (Carsten Heinz)
 (/usr/share/texlive/texmf-dist/tex/latex/listings/lstlang1.sty
File: lstlang1.sty 2019/09/10 1.8c listings language file
) (/usr/share/texlive/texmf-dist/tex/latex/listings/lstlang2.sty
File: lstlang2.sty 2019/09/10 1.8c listings language file
) (/usr/share/texlive/texmf-dist/tex/latex/listings/lstlang3.sty
File: lstlang3.sty 2019/09/10 1.8c listings language file
) (/usr/share/texlive/texmf-dist/tex/latex/SIunits/SIunits.sty
Package: SIunits 2007/12/02 v1.36 Support for the International System of units (MH)


\@qskwidth=\skip97
LaTeX Font Info:    Redeclaring font encoding TS1 on input line 46.
\symgreek=\mathgroup6
(/usr/share/texlive/texmf-dist/tex/latex/SIunits/SIunits.cfg)
Option `squaren' provided!
) (/usr/share/texlive/texmf-dist/tex/latex/setspace/setspace.sty
Package: setspace 2011/12/19 v6.7a set line spacing
)
LaTeX Font Info:    Trying to load font information for T1+lmr on input line 273.
 (/usr/share/texmf/tex/latex/lm/t1lmr.fd
File: t1lmr.fd 2009/10/30 v1.6 Font defs for Latin Modern
)
Package typearea Info: These are the values describing the layout:
(typearea)             DIV  = 14
(typearea)             BCOR = 14.22636pt
(typearea)             \paperwidth      = 597.50793pt
(typearea)              \textwidth      = 458.29268pt
(typearea)              DIV departure   = -8%
(typearea)              \evensidemargin = 4.45082pt
(typearea)              \oddsidemargin  = 4.45082pt
(typearea)             \paperheight     = 845.04694pt
(typearea)              \textheight     = 635.5pt
(typearea)              \topmargin      = -11.9095pt
(typearea)              \headheight     = 15.95009pt
(typearea)              \headsep        = 21.75pt
(typearea)              \topskip        = 12.0pt
(typearea)              \footskip       = 50.75pt
(typearea)              \baselineskip   = 14.5pt
(typearea)              on input line 273.
 (/usr/share/texlive/texmf-dist/tex/latex/koma-script/scrlayer-scrpage.sty
Package: scrlayer-scrpage 2020/01/24 v3.29 KOMA-Script package (end user interface for scrlayer)
 (/usr/share/texlive/texmf-dist/tex/latex/koma-script/scrlayer.sty
Package: scrlayer 2020/01/24 v3.29 KOMA-Script package (defining layers and page styles)
Package scrlayer Info: Using already defined \footheight
(scrlayer)             hoping, that this is a length and
(scrlayer)             not only a macro on input line 109.
Package scrlayer Info: patching LaTeX kernel macro \pagestyle on input line 2106.
)

Package scrlayer-scrpage Warning: You've used obsolete option `nouppercase'.
(scrlayer-scrpage)                Usage of this option is deprecated.
(scrlayer-scrpage)                You should simply replace `nouppercase'
(scrlayer-scrpage)                by `markcase=ignoreuppercase'.

Package scrbase Info: Unknown processing state.
(scrbase)             Processing option `markcase=ignoreuppercase'
(scrbase)             of member `.scrlayer-scrpage.sty'
(scrbase)             of family `KOMA'
(scrbase)             doesn't set a valid state.
(scrbase)             This will be interpreted
(scrbase)             as \FamilyKeyStateProcessed on input line 724.
Package scrlayer-scrpage Info: Makeing stand-alone element `pagehead' from
(scrlayer-scrpage)             alias to `pageheadfoot' on input line 1244.
Package scrlayer-scrpage Info: deactivating warning for font element
(scrlayer-scrpage)             `pagefoot' on input line 1271.
)
Package scrlayer-scrpage Info: auto-selection of `pagestyleset=KOMA-Script'.

1: section
1: chapter
1: chapter
1: section
(/usr/share/texlive/texmf-dist/tex/latex/koma-script/scrtime.sty
Package: scrtime 2020/01/24 v3.29 KOMA-Script package (time of LaTeX run)
)
1: section
1: chapter
1: chapter
1: section

Package scrlayer-scrpage Warning: Command deprecated!
(scrlayer-scrpage)                Usage of `\setheadtopline', `\setheadsepline',
(scrlayer-scrpage)                `\setfootsepline', and `\setfootbotline'
(scrlayer-scrpage)                became deprecated with scrlayer-scrpage.
(scrlayer-scrpage)                You should use KOMA-Script options
(scrlayer-scrpage)                `headsepline', `headtopline', `footsepline',
(scrlayer-scrpage)                or `footbotline' with values
(scrlayer-scrpage)                `<line thickness>:<line length>' to setup
(scrlayer-scrpage)                the line length and thickness, and
(scrlayer-scrpage)                `\setkomafont' or `\addtokomafont' to
(scrlayer-scrpage)                setup the colour on input line 317.

Class scrbook Info: Using old \@makefntext due to compatibility level
(scrbook)           less than 3.22 on input line 321.
Package scrkbase Info: You've told me to redefine the font selection of the
(scrkbase)             element `sectioning' that is an alias of element
(scrkbase)             `disposition' on input line 333.
) (./preamble/pre-newcommands.tex) (./preamble/pre-tablecommands.tex) (./preamble/pre-hyphenation.tex)
Package csquotes Info: Checking for multilingual support...
Package csquotes Info: ... found 'babel' package.
 (/usr/share/texlive/texmf-dist/tex/latex/l3backend/l3backend-pdfmode.def
File: l3backend-pdfmode.def 2020-02-03 L3 backend support: PDF mode
\l__kernel_color_stack_int=\count312
\l__pdf_internal_box=\box59
) (./vorlage.aux (./chapters/ch-aa-titel.aux) (./chapters/ch-aa-vorspiel.aux) (./chapters/ch-aa-zusfasg.aux) (./chapters/ch-einleitung.aux) (./chapters/ch-hauptteil.aux) (./chapters/ch-schluss.aux) (./chapters/ch-zz-anhang.aux))
\openout1 = `vorlage.aux'.

LaTeX Font Info:    Checking defaults for OML/cmm/m/it on input line 31.
LaTeX Font Info:    ... okay on input line 31.
LaTeX Font Info:    Checking defaults for OMS/cmsy/m/n on input line 31.
LaTeX Font Info:    ... okay on input line 31.
LaTeX Font Info:    Checking defaults for OT1/cmr/m/n on input line 31.
LaTeX Font Info:    ... okay on input line 31.
LaTeX Font Info:    Checking defaults for T1/cmr/m/n on input line 31.
LaTeX Font Info:    ... okay on input line 31.
LaTeX Font Info:    Checking defaults for TS1/cmr/m/n on input line 31.
LaTeX Font Info:    ... okay on input line 31.
LaTeX Font Info:    Checking defaults for OMX/cmex/m/n on input line 31.
LaTeX Font Info:    ... okay on input line 31.
LaTeX Font Info:    Checking defaults for U/cmr/m/n on input line 31.
LaTeX Font Info:    ... okay on input line 31.
LaTeX Font Info:    Checking defaults for PD1/pdf/m/n on input line 31.
LaTeX Font Info:    ... okay on input line 31.
 (/usr/share/texlive/texmf-dist/tex/context/base/mkii/supp-pdf.mkii
[Loading MPS to PDF converter (version 2006.09.02).]
\scratchcounter=\count313
\scratchdimen=\dimen256
\scratchbox=\box60
\nofMPsegments=\count314
\nofMParguments=\count315
\everyMPshowfont=\toks34
\MPscratchCnt=\count316
\MPscratchDim=\dimen257
\MPnumerator=\count317
\makeMPintoPDFobject=\count318
\everyMPtoPDFconversion=\toks35
) ABD: EverySelectfont initializing macros
LaTeX Info: Redefining \selectfont on input line 31.
\AtBeginShipoutBox=\box61
 (/usr/share/texlive/texmf-dist/tex/latex/pdflscape/pdflscape.sty
Package: pdflscape 2019/12/05 v0.12 Display of landscape pages in PDF (HO)
 (/usr/share/texlive/texmf-dist/tex/latex/graphics/lscape.sty
Package: lscape 2000/10/22 v3.01 Landscape Pages (DPC)
)
Package pdflscape Info: Auto-detected driver: pdftex on input line 81.
)
Package hyperref Info: Link coloring ON on input line 31.
 (/usr/share/texlive/texmf-dist/tex/latex/hyperref/nameref.sty
Package: nameref 2019/09/16 v2.46 Cross-referencing by name of section
 (/usr/share/texlive/texmf-dist/tex/latex/refcount/refcount.sty
Package: refcount 2019/12/15 v3.6 Data extraction from label references (HO)
) (/usr/share/texlive/texmf-dist/tex/generic/gettitlestring/gettitlestring.sty
Package: gettitlestring 2019/12/15 v1.6 Cleanup title references (HO)
)
\c@section@level=\count319
LaTeX Info: Redefining \Ref on input line 520.
)
LaTeX Info: Redefining \ref on input line 31.
LaTeX Info: Redefining \pageref on input line 31.
LaTeX Info: Redefining \nameref on input line 31.
 (./vorlage.out) (./vorlage.out)
\@outlinefile=\write3
\openout3 = `vorlage.out'.

Package hyperref Info: Anchor `Doc-Start' on input line 31.
LaTeX Info: Redefining \Ref on input line 31.
Class scrbook Info: loading recommended package `bookmark'.
(scrbook)           Using `bookmark' together with `hyperref' is recommended,
(scrbook)           because of handling of possible bookmark level gaps.
(scrbook)           You can avoid loading `bookmark' with KOMA-Script option
(scrbook)           `bookmarkpackage=false' before \begin{document} and
(scrbook)           you can avoid this message adding:
(scrbook)             \usepackage{bookmark}
(scrbook)           before \begin{document} on input line 31.
 (/usr/share/texlive/texmf-dist/tex/latex/bookmark/bookmark.sty
Package: bookmark 2019/12/03 v1.28 PDF bookmarks (HO)
 (/usr/share/texlive/texmf-dist/tex/latex/bookmark/bkm-pdftex.def
File: bkm-pdftex.def 2019/12/03 v1.28 bookmark driver for pdfTeX (HO)
Package auxhook Info: \AddLineBeginMainAux comes a little late,
(auxhook)             because the main .aux file is already opened on input line 168.
\BKM@id=\count320
))
Package caption Info: Begin \AtBeginDocument code.
Package caption Info: subfig package v1.3 is loaded.
Package caption Info: listings package is loaded.
Package caption Info: wrapfig package is loaded.
Package caption Info: End \AtBeginDocument code.
\c@lstlisting=\count321

Option `squaren' provided! 
 Command \squaren defined by SIunits package!

(./preamble/pre-tablesettings.tex)
\openout2 = `chapters/ch-aa-titel.aux'.

 (./chapters/ch-aa-titel.tex
LaTeX Font Info:    Trying to load font information for T1+lmss on input line 7.
 (/usr/share/texmf/tex/latex/lm/t1lmss.fd
File: t1lmss.fd 2009/10/30 v1.6 Font defs for Latin Modern
)
<fig/aa-titel/HE_Logo_4c.pdf, id=4, 126.13202pt x 31.17377pt>
File: fig/aa-titel/HE_Logo_4c.pdf Graphic file (type pdf)
<use fig/aa-titel/HE_Logo_4c.pdf>
Package pdftex.def Info: fig/aa-titel/HE_Logo_4c.pdf  used on input line 9.
(pdftex.def)             Requested size: 142.26378pt x 35.16219pt.
Package epstopdf Info: Source file: <fig/aa-titel/novatec-logo.eps>
(epstopdf)                    date: 2021-10-19 17:21:15
(epstopdf)                    size: 1452032 bytes
(epstopdf)             Output file: <fig/aa-titel/novatec-logo-eps-converted-to.pdf>
(epstopdf)                    date: 2021-10-19 17:21:15
(epstopdf)                    size: 31013 bytes
(epstopdf)             Command: <repstopdf --outfile=fig/aa-titel/novatec-logo-eps-converted-to.pdf fig/aa-titel/novatec-logo.eps>
(epstopdf)             \includegraphics on input line 40.
Package epstopdf Info: Output file is already uptodate.


pdfTeX warning: pdflatex (file ./fig/aa-titel/novatec-logo-eps-converted-to.pdf): PDF inclusion: found PDF version <1.7>, but at most version <1.5> allowed
<fig/aa-titel/novatec-logo-eps-converted-to.pdf, id=5, 1003.75pt x 238.8925pt>
File: fig/aa-titel/novatec-logo-eps-converted-to.pdf Graphic file (type pdf)
<use fig/aa-titel/novatec-logo-eps-converted-to.pdf>
Package pdftex.def Info: fig/aa-titel/novatec-logo-eps-converted-to.pdf  used on input line 40.
(pdftex.def)             Requested size: 142.26378pt x 33.85663pt.
Package hyperref Info: Anchor `page.i' on input line 43.
[1





{/var/lib/texmf/fonts/map/pdftex/updmap/pdftex.map} <./fig/aa-titel/HE_Logo_4c.pdf> <./fig/aa-titel/novatec-logo-eps-converted-to.pdf>])
\openout2 = `chapters/ch-aa-vorspiel.aux'.

 (./chapters/ch-aa-vorspiel.tex
Package hyperref Info: Anchor `chapter*.1' on input line 2.

Underfull \hbox (badness 10000) in paragraph at lines 4--6

 []


Underfull \hbox (badness 10000) in paragraph at lines 4--6

 []

LaTeX Font Info:    Trying to load font information for OT1+lmr on input line 11.
(/usr/share/texmf/tex/latex/lm/ot1lmr.fd
File: ot1lmr.fd 2009/10/30 v1.6 Font defs for Latin Modern
)
LaTeX Font Info:    Trying to load font information for OML+lmm on input line 11.
 (/usr/share/texmf/tex/latex/lm/omllmm.fd
File: omllmm.fd 2009/10/30 v1.6 Font defs for Latin Modern
)
LaTeX Font Info:    Trying to load font information for OMS+lmsy on input line 11.
 (/usr/share/texmf/tex/latex/lm/omslmsy.fd
File: omslmsy.fd 2009/10/30 v1.6 Font defs for Latin Modern
)
LaTeX Font Info:    Trying to load font information for OMX+lmex on input line 11.
 (/usr/share/texmf/tex/latex/lm/omxlmex.fd
File: omxlmex.fd 2009/10/30 v1.6 Font defs for Latin Modern
)
LaTeX Font Info:    External font `lmex10' loaded for size
(Font)              <10.95> on input line 11.
LaTeX Font Info:    External font `lmex10' loaded for size
(Font)              <8> on input line 11.
LaTeX Font Info:    External font `lmex10' loaded for size
(Font)              <6> on input line 11.
LaTeX Font Info:    Trying to load font information for U+msa on input line 11.
 (/usr/share/texlive/texmf-dist/tex/latex/amsfonts/umsa.fd
File: umsa.fd 2013/01/14 v3.01 AMS symbols A
)
LaTeX Font Info:    Trying to load font information for U+msb on input line 11.
 (/usr/share/texlive/texmf-dist/tex/latex/amsfonts/umsb.fd
File: umsb.fd 2013/01/14 v3.01 AMS symbols B
)
LaTeX Font Info:    External font `lmex10' loaded for size
(Font)              <12> on input line 11.
Package hyperref Info: Anchor `page.ii' on input line 11.
 [2




]
Package hyperref Info: Anchor `chapter*.2' on input line 14.

Overfull \hbox (1.8827pt too wide) in paragraph at lines 16--19
\T1/lmr/m/n/12 Die nach-fol-gen-de Ba-che-lor-ar-beit ent-hlt ver-trau-li-che Da-ten der No-av-tec Con-sul-ting GmbH.
 []

Package hyperref Info: Anchor `page.iii' on input line 19.
[3


]
Package hyperref Info: Anchor `chapter*.3' on input line 22.
Package hyperref Info: Anchor `page.iv' on input line 31.
 [4


]
Package hyperref Info: Anchor `chapter*.4' on input line 33.
Package hyperref Info: Anchor `page.v' on input line 37.
 [5


])
\openout2 = `chapters/ch-aa-zusfasg.aux'.

 (./chapters/ch-aa-zusfasg.tex
Package hyperref Info: Anchor `chapter*.5' on input line 1.
)
Package hyperref Info: Anchor `page.vi' on input line 40.
 [6




]
Package hyperref Info: Anchor `chapter*.6' on input line 42.
 (./vorlage.toc
Package hyperref Info: Reference (link) `chapter.1' on input line 2.
Package hyperref Info: Reference (link) `section.1.1' on input line 3.
Package hyperref Info: Reference (link) `section.1.2' on input line 4.
Package hyperref Info: Reference (link) `chapter.2' on input line 5.
Package hyperref Info: Reference (link) `section.2.1' on input line 6.

Overfull \hbox (6.37814pt too wide) in paragraph at lines 6--6
 [][] []\T1/lmr/m/n/12 Funktionsprinzip, Vor-tei-le und Her-aus-for-de-run-gen des mo-der-nen Cloud Com- 
 []

Package hyperref Info: Reference (link) `subsection.2.1.1' on input line 7.
Package hyperref Info: Reference (link) `subsection.2.1.2' on input line 8.
Package hyperref Info: Reference (link) `subsection.2.1.3' on input line 11.
Package hyperref Info: Reference (link) `subsection.2.1.4' on input line 13.
Package hyperref Info: Reference (link) `section.2.2' on input line 14.
Package hyperref Info: Reference (link) `subsection.2.2.1' on input line 15.
Package hyperref Info: Reference (link) `subsection.2.2.2' on input line 16.
Package hyperref Info: Reference (link) `subsection.2.2.3' on input line 17.
Package hyperref Info: Reference (link) `subsection.2.2.4' on input line 18.
Package hyperref Info: Reference (link) `subsection.2.2.5' on input line 19.
Package hyperref Info: Reference (link) `subsection.2.2.6' on input line 23.
Package hyperref Info: Reference (link) `chapter.3' on input line 29.
Package hyperref Info: Reference (link) `section.3.1' on input line 30.
Package hyperref Info: Reference (link) `section.3.2' on input line 31.
Package hyperref Info: Reference (link) `section.3.3' on input line 32.
Package hyperref Info: Reference (link) `section.3.4' on input line 33.
Package hyperref Info: Reference (link) `section.3.5' on input line 34.
Package hyperref Info: Reference (link) `section.3.6' on input line 35.
Package hyperref Info: Reference (link) `section.3.7' on input line 36.
Package hyperref Info: Reference (link) `section.3.8' on input line 37.
Package hyperref Info: Reference (link) `section.3.9' on input line 38.
Package hyperref Info: Reference (link) `chapter.4' on input line 39.
Package hyperref Info: Reference (link) `section.4.1' on input line 40.
Package hyperref Info: Reference (link) `chapter.5' on input line 41.
Package hyperref Info: Reference (link) `section.5.1' on input line 42.
Package hyperref Info: Reference (link) `section.5.2' on input line 43.
Package hyperref Info: Anchor `page.vii' on input line 44.
[7



Package `hyperref' Info: End of reference (link) `chapter.1', line 2.
Package `hyperref' Info: End of reference (link) `section.1.1', line 3.
Package `hyperref' Info: End of reference (link) `section.1.2', line 4.
Package `hyperref' Info: End of reference (link) `chapter.2', line 5.
Package `hyperref' Info: End of reference (link) `section.2.1', line 6.
Package `hyperref' Info: End of reference (link) `subsection.2.1.1', line 7.
Package `hyperref' Info: End of reference (link) `subsection.2.1.2', line 8.
Package `hyperref' Info: End of reference (link) `subsection.2.1.3', line 11.
Package `hyperref' Info: End of reference (link) `subsection.2.1.4', line 13.
Package `hyperref' Info: End of reference (link) `section.2.2', line 14.
Package `hyperref' Info: End of reference (link) `subsection.2.2.1', line 15.
Package `hyperref' Info: End of reference (link) `subsection.2.2.2', line 16.
Package `hyperref' Info: End of reference (link) `subsection.2.2.3', line 17.
Package `hyperref' Info: End of reference (link) `subsection.2.2.4', line 18.
Package `hyperref' Info: End of reference (link) `subsection.2.2.5', line 19.
Package `hyperref' Info: End of reference (link) `subsection.2.2.6', line 23.
Package `hyperref' Info: End of reference (link) `chapter.3', line 29.
Package `hyperref' Info: End of reference (link) `section.3.1', line 30.
Package `hyperref' Info: End of reference (link) `section.3.2', line 31.
Package `hyperref' Info: End of reference (link) `section.3.3', line 32.
Package `hyperref' Info: End of reference (link) `section.3.4', line 33.
Package `hyperref' Info: End of reference (link) `section.3.5', line 34.
Package `hyperref' Info: End of reference (link) `section.3.6', line 35.
Package `hyperref' Info: End of reference (link) `section.3.7', line 36.
Package `hyperref' Info: End of reference (link) `section.3.8', line 37.
Package `hyperref' Info: End of reference (link) `section.3.9', line 38.
Package `hyperref' Info: End of reference (link) `chapter.4', line 39.
Package `hyperref' Info: End of reference (link) `section.4.1', line 40.
Package `hyperref' Info: End of reference (link) `chapter.5', line 41.
Package `hyperref' Info: End of reference (link) `section.5.1', line 42.
]
Package hyperref Info: Reference (link) `section.5.3' on input line 44.
Package hyperref Info: Reference (link) `section.5.4' on input line 45.
Package hyperref Info: Reference (link) `appendix.A' on input line 46.
Package hyperref Info: Reference (link) `chapter*.27' on input line 47.
)
\tf@toc=\write4
\openout4 = `vorlage.toc'.

Package hyperref Info: Anchor `page.viii' on input line 43.
 [8
Package `hyperref' Info: End of reference (link) `section.5.2', line 43.
Package `hyperref' Info: End of reference (link) `section.5.3', line 44.
Package `hyperref' Info: End of reference (link) `section.5.4', line 45.
Package `hyperref' Info: End of reference (link) `appendix.A', line 46.
Package `hyperref' Info: End of reference (link) `chapter*.27', line 47.
]
Package hyperref Info: Anchor `chapter*.7' on input line 43.
 (./vorlage.lof
Package hyperref Info: Reference (link) `figure.caption.9' on input line 4.
Package hyperref Info: Reference (link) `figure.caption.13' on input line 5.
Package hyperref Info: Reference (link) `figure.caption.14' on input line 6.
Package hyperref Info: Reference (link) `figure.caption.15' on input line 7.
Package hyperref Info: Reference (link) `figure.caption.16' on input line 8.
Package hyperref Info: Reference (link) `figure.caption.18' on input line 9.

Overfull \hbox (19.92299pt too wide) in paragraph at lines 9--9
 [][] []\T1/lmr/m/n/12 berblick IaC Tools https://medium.com/cloudnativeinfra/when-to-use-which- 
 []

Package hyperref Info: Reference (link) `figure.caption.21' on input line 10.
)
\tf@lof=\write5
\openout5 = `vorlage.lof'.

Package hyperref Info: Anchor `page.ix' on input line 44.
 [9


Package `hyperref' Info: End of reference (link) `figure.caption.9', line 4.
Package `hyperref' Info: End of reference (link) `figure.caption.13', line 5.
Package `hyperref' Info: End of reference (link) `figure.caption.14', line 6.
Package `hyperref' Info: End of reference (link) `figure.caption.15', line 7.
Package `hyperref' Info: End of reference (link) `figure.caption.16', line 8.
Package `hyperref' Info: End of reference (link) `figure.caption.18', line 9.
Package `hyperref' Info: End of reference (link) `figure.caption.21', line 10.
]
Package hyperref Info: Anchor `chapter*.8' on input line 44.
 (./vorlage.lot)
\tf@lot=\write6
\openout6 = `vorlage.lot'.

Package hyperref Info: Anchor `page.x' on input line 48.
 [10


]
\openout2 = `chapters/ch-einleitung.aux'.

 (./chapters/ch-einleitung.tex
Package hyperref Info: Anchor `chapter.1' on input line 1.

chapter 1.
Package hyperref Info: bookmark on input line 1:
(hyperref)             thecounter {1}
(hyperref)             text {\protect \numberline {\csname thechapter\endcsname }\@currenttocentry }
(hyperref)             reference {chapter.1}
(hyperref)             toclevel {0}
(hyperref)             type {toc}.

Class scrbook Warning: \float@addtolists detected!
(scrbook)              Implementation of \float@addtolist became
(scrbook)              deprecated in KOMA-Script v3.01 2008/11/14 and
(scrbook)              has been replaced by several more flexible
(scrbook)              features of package `tocbasic`.
(scrbook)              Since Version 3.12 support for deprecated
(scrbook)              \float@addtolist interface has been
(scrbook)              restricted to only some of the KOMA-Script
(scrbook)              features and been removed from others.
(scrbook)              Loading of package `scrhack' may help to
(scrbook)              avoid this warning, if you are using a
(scrbook)              a package that still implements the
(scrbook)              deprecated \float@addtolist interface .

Package hyperref Info: Anchor `section.1.1' on input line 4.
Package hyperref Info: bookmark on input line 4:
(hyperref)             thecounter {1.1}
(hyperref)             text {\protect \numberline {\csname thesection\endcsname }\@currenttocentry }
(hyperref)             reference {section.1.1}
(hyperref)             toclevel {1}
(hyperref)             type {toc}.
Package hyperref Info: Anchor `section.1.2' on input line 22.
Package hyperref Info: bookmark on input line 22:
(hyperref)             thecounter {1.2}
(hyperref)             text {\protect \numberline {\csname thesection\endcsname }\@currenttocentry }
(hyperref)             reference {section.1.2}
(hyperref)             toclevel {1}
(hyperref)             type {toc}.
)
Package hyperref Info: Anchor `page.1' on input line 50.
 [1




]
Package hyperref Info: Anchor `page.2' on input line 50.
 [2]
\openout2 = `chapters/ch-hauptteil.aux'.

 (./chapters/ch-hauptteil.tex
Package hyperref Info: Anchor `chapter.2' on input line 3.

chapter 2.
Package hyperref Info: bookmark on input line 3:
(hyperref)             thecounter {2}
(hyperref)             text {\protect \numberline {\csname thechapter\endcsname }\@currenttocentry }
(hyperref)             reference {chapter.2}
(hyperref)             toclevel {0}
(hyperref)             type {toc}.
Package hyperref Info: Anchor `section.2.1' on input line 6.
Package hyperref Info: bookmark on input line 6:
(hyperref)             thecounter {2.1}
(hyperref)             text {\protect \numberline {\csname thesection\endcsname }\@currenttocentry }
(hyperref)             reference {section.2.1}
(hyperref)             toclevel {1}
(hyperref)             type {toc}.
Package hyperref Info: Anchor `subsection.2.1.1' on input line 8.
Package hyperref Info: bookmark on input line 8:
(hyperref)             thecounter {2.1.1}
(hyperref)             text {\protect \numberline {\csname thesubsection\endcsname }\@currenttocentry }
(hyperref)             reference {subsection.2.1.1}
(hyperref)             toclevel {2}
(hyperref)             type {toc}.

Underfull \hbox (badness 10000) in paragraph at lines 10--13

 []


Underfull \hbox (badness 10000) in paragraph at lines 14--19

 []


Underfull \hbox (badness 10000) in paragraph at lines 20--27

 []


Underfull \hbox (badness 10000) in paragraph at lines 28--29

 []

Package hyperref Info: Anchor `page.3' on input line 45.
[3




]
Underfull \hbox (badness 10000) in paragraph at lines 51--56

 []

Package hyperref Info: Anchor `figure.caption.9' on input line 60.
<fig/hauptteil/Service-Models.png, id=172, 642.4pt x 349.305pt>
File: fig/hauptteil/Service-Models.png Graphic file (type png)
<use fig/hauptteil/Service-Models.png>
Package pdftex.def Info: fig/hauptteil/Service-Models.png  used on input line 61.
(pdftex.def)             Requested size: 458.29268pt x 249.20218pt.
Package hyperref Info: bookmark on input line 62:
(hyperref)             thecounter {2.1}
(hyperref)             text {\protect \numberline {\caption@lstfmt {\@nameuse {p@figure}}{\@nameuse {thefigure}}}{\ignorespaces Die grundlegenden Cloud Service Modelle im berblick\relax }}
(hyperref)             reference {figure.caption.9}
(hyperref)             toclevel {1}
(hyperref)             type {lof}.
Package hyperref Info: Anchor `page.4' on input line 72.
[4 <./fig/hauptteil/Service-Models.png>]
Underfull \hbox (badness 10000) in paragraph at lines 87--93

 []


Underfull \hbox (badness 10000) in paragraph at lines 94--96

 []

Package hyperref Info: Anchor `subsection.2.1.2' on input line 117.
Package hyperref Info: bookmark on input line 117:
(hyperref)             thecounter {2.1.2}
(hyperref)             text {\protect \numberline {\csname thesubsection\endcsname }\@currenttocentry }
(hyperref)             reference {subsection.2.1.2}
(hyperref)             toclevel {2}
(hyperref)             type {toc}.
Package hyperref Info: Anchor `section*.10' on input line 119.
Package hyperref Info: bookmark on input line 119:
(hyperref)             thecounter {2.1.2.0}
(hyperref)             text {\protect \nonumberline \@currenttocentry }
(hyperref)             reference {section*.10}
(hyperref)             toclevel {3}
(hyperref)             type {toc}.
Package hyperref Info: Anchor `page.5' on input line 136.
[5]
Underfull \hbox (badness 10000) in paragraph at lines 154--163

 []

Package hyperref Info: Anchor `section*.11' on input line 164.
Package hyperref Info: bookmark on input line 164:
(hyperref)             thecounter {2.1.2.0}
(hyperref)             text {\protect \nonumberline \@currenttocentry }
(hyperref)             reference {section*.11}
(hyperref)             toclevel {3}
(hyperref)             type {toc}.
Package hyperref Info: Anchor `page.6' on input line 171.
[6]
Package hyperref Info: Anchor `subsection.2.1.3' on input line 196.
Package hyperref Info: bookmark on input line 196:
(hyperref)             thecounter {2.1.3}
(hyperref)             text {\protect \numberline {\csname thesubsection\endcsname }\@currenttocentry }
(hyperref)             reference {subsection.2.1.3}
(hyperref)             toclevel {2}
(hyperref)             type {toc}.
Package hyperref Info: Anchor `page.7' on input line 218.
 [7]
Package hyperref Info: Anchor `section*.12' on input line 219.
Package hyperref Info: bookmark on input line 219:
(hyperref)             thecounter {2.1.3.0}
(hyperref)             text {\protect \nonumberline \@currenttocentry }
(hyperref)             reference {section*.12}
(hyperref)             toclevel {3}
(hyperref)             type {toc}.
Package hyperref Info: Anchor `subsection.2.1.4' on input line 233.
Package hyperref Info: bookmark on input line 233:
(hyperref)             thecounter {2.1.4}
(hyperref)             text {\protect \numberline {\csname thesubsection\endcsname }\@currenttocentry }
(hyperref)             reference {subsection.2.1.4}
(hyperref)             toclevel {2}
(hyperref)             type {toc}.
Package hyperref Info: Anchor `figure.caption.13' on input line 238.
<fig/hauptteil/CIS_Q220.jpg, id=195, 803.0pt x 382.42876pt>
File: fig/hauptteil/CIS_Q220.jpg Graphic file (type jpg)
<use fig/hauptteil/CIS_Q220.jpg>
Package pdftex.def Info: fig/hauptteil/CIS_Q220.jpg  used on input line 239.
(pdftex.def)             Requested size: 458.29268pt x 218.26674pt.
Package hyperref Info: bookmark on input line 240:
(hyperref)             thecounter {2.2}
(hyperref)             text {\protect \numberline {\caption@lstfmt {\@nameuse {p@figure}}{\@nameuse {thefigure}}}{\ignorespaces CSP Market Share Q2 2020 nach Umsatz\relax }}
(hyperref)             reference {figure.caption.13}
(hyperref)             toclevel {1}
(hyperref)             type {lof}.
Package hyperref Info: Anchor `page.8' on input line 248.
 [8 <./fig/hauptteil/CIS_Q220.jpg>]
Underfull \hbox (badness 10000) in paragraph at lines 261--265

 []

Package hyperref Info: Anchor `figure.caption.14' on input line 266.
<fig/hauptteil/Gartner-Magic-Quadrant.png, id=201, 944.52875pt x 926.46124pt>
File: fig/hauptteil/Gartner-Magic-Quadrant.png Graphic file (type png)
<use fig/hauptteil/Gartner-Magic-Quadrant.png>
Package pdftex.def Info: fig/hauptteil/Gartner-Magic-Quadrant.png  used on input line 267.
(pdftex.def)             Requested size: 458.29268pt x 449.53107pt.
Package hyperref Info: bookmark on input line 268:
(hyperref)             thecounter {2.3}
(hyperref)             text {\protect \numberline {\caption@lstfmt {\@nameuse {p@figure}}{\@nameuse {thefigure}}}{\ignorespaces CSP Gartner Magic Quadrant August 2020\relax }}
(hyperref)             reference {figure.caption.14}
(hyperref)             toclevel {1}
(hyperref)             type {lof}.
Package hyperref Info: Anchor `page.9' on input line 271.
[9]
Package hyperref Info: Anchor `section.2.2' on input line 280.
Package hyperref Info: bookmark on input line 280:
(hyperref)             thecounter {2.2}
(hyperref)             text {\protect \numberline {\csname thesection\endcsname }\@currenttocentry }
(hyperref)             reference {section.2.2}
(hyperref)             toclevel {1}
(hyperref)             type {toc}.

Overfull \hbox (80.80885pt too wide) in paragraph at lines 282--291
\T1/lmr/m/n/12 he-re Ab-strak-ti-on mehr Fle-xi-bi-li-tt als ein im-pe-ra-ti-ver An-satz er-laubt. (vgl. https://docs.microsoft.com/en-
 []

Package hyperref Info: Anchor `page.10' on input line 291.
[10 <./fig/hauptteil/Gartner-Magic-Quadrant.png>]
Package hyperref Info: Anchor `subsection.2.2.1' on input line 292.
Package hyperref Info: bookmark on input line 292:
(hyperref)             thecounter {2.2.1}
(hyperref)             text {\protect \numberline {\csname thesubsection\endcsname }\@currenttocentry }
(hyperref)             reference {subsection.2.2.1}
(hyperref)             toclevel {2}
(hyperref)             type {toc}.
Package hyperref Info: Anchor `figure.caption.15' on input line 310.
<fig/hauptteil/Tabelle_1-2_IaC.png, id=212, 1851.91875pt x 623.32875pt>
File: fig/hauptteil/Tabelle_1-2_IaC.png Graphic file (type png)
<use fig/hauptteil/Tabelle_1-2_IaC.png>
Package pdftex.def Info: fig/hauptteil/Tabelle_1-2_IaC.png  used on input line 311.
(pdftex.def)             Requested size: 458.29268pt x 154.25293pt.
Package hyperref Info: bookmark on input line 312:
(hyperref)             thecounter {2.4}
(hyperref)             text {\protect \numberline {\caption@lstfmt {\@nameuse {p@figure}}{\@nameuse {thefigure}}}{\ignorespaces Iron Age vs Cloud Age\relax }}
(hyperref)             reference {figure.caption.15}
(hyperref)             toclevel {1}
(hyperref)             type {lof}.
Package hyperref Info: Anchor `page.11' on input line 328.
 [11 <./fig/hauptteil/Tabelle_1-2_IaC.png>]
Package hyperref Info: Anchor `subsection.2.2.2' on input line 330.
Package hyperref Info: bookmark on input line 330:
(hyperref)             thecounter {2.2.2}
(hyperref)             text {\protect \numberline {\csname thesubsection\endcsname }\@currenttocentry }
(hyperref)             reference {subsection.2.2.2}
(hyperref)             toclevel {2}
(hyperref)             type {toc}.
Package hyperref Info: Anchor `page.12' on input line 372.
 [12]
Package hyperref Info: Anchor `subsection.2.2.3' on input line 395.
Package hyperref Info: bookmark on input line 395:
(hyperref)             thecounter {2.2.3}
(hyperref)             text {\protect \numberline {\csname thesubsection\endcsname }\@currenttocentry }
(hyperref)             reference {subsection.2.2.3}
(hyperref)             toclevel {2}
(hyperref)             type {toc}.
Package hyperref Info: Anchor `page.13' on input line 424.
 [13]
Underfull \hbox (badness 10000) in paragraph at lines 430--444

 []

Package hyperref Info: Anchor `figure.caption.16' on input line 461.
<fig/hauptteil/Speed_vs_Quality.png, id=226, 1877.0125pt x 770.88pt>
File: fig/hauptteil/Speed_vs_Quality.png Graphic file (type png)
<use fig/hauptteil/Speed_vs_Quality.png>
Package pdftex.def Info: fig/hauptteil/Speed_vs_Quality.png  used on input line 462.
(pdftex.def)             Requested size: 458.29268pt x 188.21442pt.
Package hyperref Info: bookmark on input line 463:
(hyperref)             thecounter {2.5}
(hyperref)             text {\protect \numberline {\caption@lstfmt {\@nameuse {p@figure}}{\@nameuse {thefigure}}}{\ignorespaces Iron Age vs Cloud Age IaC Busch S.6\relax }}
(hyperref)             reference {figure.caption.16}
(hyperref)             toclevel {1}
(hyperref)             type {lof}.
Package hyperref Info: Anchor `page.14' on input line 466.
[14]
Package hyperref Info: Anchor `subsection.2.2.4' on input line 481.
Package hyperref Info: bookmark on input line 481:
(hyperref)             thecounter {2.2.4}
(hyperref)             text {\protect \numberline {\csname thesubsection\endcsname }\@currenttocentry }
(hyperref)             reference {subsection.2.2.4}
(hyperref)             toclevel {2}
(hyperref)             type {toc}.
LaTeX Font Info:    Trying to load font information for TS1+lmr on input line 487.
 (/usr/share/texmf/tex/latex/lm/ts1lmr.fd
File: ts1lmr.fd 2009/10/30 v1.6 Font defs for Latin Modern
)
Package hyperref Info: Anchor `page.15' on input line 508.
 [15 <./fig/hauptteil/Speed_vs_Quality.png>]
Package hyperref Info: Anchor `subsection.2.2.5' on input line 522.
Package hyperref Info: bookmark on input line 522:
(hyperref)             thecounter {2.2.5}
(hyperref)             text {\protect \numberline {\csname thesubsection\endcsname }\@currenttocentry }
(hyperref)             reference {subsection.2.2.5}
(hyperref)             toclevel {2}
(hyperref)             type {toc}.
Package hyperref Info: Anchor `section*.17' on input line 533.
Package hyperref Info: bookmark on input line 533:
(hyperref)             thecounter {2.2.5.0}
(hyperref)             text {\protect \nonumberline \@currenttocentry }
(hyperref)             reference {section*.17}
(hyperref)             toclevel {3}
(hyperref)             type {toc}.
Package hyperref Info: Anchor `figure.caption.18' on input line 547.
<fig/hauptteil/IaC_Tools.png, id=238, 2007.5pt x 1133.23375pt>
File: fig/hauptteil/IaC_Tools.png Graphic file (type png)
<use fig/hauptteil/IaC_Tools.png>
Package pdftex.def Info: fig/hauptteil/IaC_Tools.png  used on input line 548.
(pdftex.def)             Requested size: 458.29268pt x 258.7016pt.
Package hyperref Info: bookmark on input line 549:
(hyperref)             thecounter {2.6}
(hyperref)             text {\protect \numberline {\caption@lstfmt {\@nameuse {p@figure}}{\@nameuse {thefigure}}}{\ignorespaces berblick IaC Tools https://medium.com/cloudnativeinfra/when-to-use-which-infrastructure-as-code-tool-665af289fbde\relax }}
(hyperref)             reference {figure.caption.18}
(hyperref)             toclevel {1}
(hyperref)             type {lof}.
Package hyperref Info: Anchor `page.16' on input line 552.
 [16]
Package hyperref Info: Anchor `section*.19' on input line 553.
Package hyperref Info: bookmark on input line 553:
(hyperref)             thecounter {2.2.5.0}
(hyperref)             text {\protect \nonumberline \@currenttocentry }
(hyperref)             reference {section*.19}
(hyperref)             toclevel {3}
(hyperref)             type {toc}.
Package hyperref Info: Anchor `page.17' on input line 581.
 [17 <./fig/hauptteil/IaC_Tools.png (PNG copy)>]
Package hyperref Info: Anchor `page.18' on input line 639.
 [18]
Package hyperref Info: Anchor `section*.20' on input line 640.
Package hyperref Info: bookmark on input line 640:
(hyperref)             thecounter {2.2.5.0}
(hyperref)             text {\protect \nonumberline \@currenttocentry }
(hyperref)             reference {section*.20}
(hyperref)             toclevel {3}
(hyperref)             type {toc}.

Underfull \hbox (badness 10000) in paragraph at lines 642--648

 []

Package hyperref Info: Anchor `subsection.2.2.6' on input line 651.
Package hyperref Info: bookmark on input line 651:
(hyperref)             thecounter {2.2.6}
(hyperref)             text {\protect \numberline {\csname thesubsection\endcsname }\@currenttocentry }
(hyperref)             reference {subsection.2.2.6}
(hyperref)             toclevel {2}
(hyperref)             type {toc}.

Overfull \hbox (3.48494pt too wide) in paragraph at lines 653--669
\T1/lmr/m/n/12 fi-nier-te Zu-stand er-reicht ist. (Al-les obe-re vgl htt-ps://www.terraform.io/intro/index.html) 
 []

Package hyperref Info: Anchor `figure.caption.21' on input line 673.
<fig/hauptteil/Terraform.png, id=253, 1782.66pt x 2309.62875pt>
File: fig/hauptteil/Terraform.png Graphic file (type png)
<use fig/hauptteil/Terraform.png>
Package pdftex.def Info: fig/hauptteil/Terraform.png  used on input line 674.
(pdftex.def)             Requested size: 329.40613pt x 426.79134pt.
Package hyperref Info: bookmark on input line 675:
(hyperref)             thecounter {2.7}
(hyperref)             text {\protect \numberline {\caption@lstfmt {\@nameuse {p@figure}}{\@nameuse {thefigure}}}{\ignorespaces Terraform Funktionsprinzip\relax }}
(hyperref)             reference {figure.caption.21}
(hyperref)             toclevel {1}
(hyperref)             type {lof}.
Package hyperref Info: Anchor `page.19' on input line 678.
[19]
Package hyperref Info: Anchor `section*.22' on input line 689.
Package hyperref Info: bookmark on input line 689:
(hyperref)             thecounter {2.2.6.0}
(hyperref)             text {\protect \nonumberline \@currenttocentry }
(hyperref)             reference {section*.22}
(hyperref)             toclevel {3}
(hyperref)             type {toc}.
Package hyperref Info: Anchor `page.20' on input line 697.
 [20 <./fig/hauptteil/Terraform.png>]
Package hyperref Info: Anchor `section*.23' on input line 713.
Package hyperref Info: bookmark on input line 713:
(hyperref)             thecounter {2.2.6.0}
(hyperref)             text {\protect \nonumberline \@currenttocentry }
(hyperref)             reference {section*.23}
(hyperref)             toclevel {3}
(hyperref)             type {toc}.
Package hyperref Info: Anchor `section*.24' on input line 736.
Package hyperref Info: bookmark on input line 736:
(hyperref)             thecounter {2.2.6.0}
(hyperref)             text {\protect \nonumberline \@currenttocentry }
(hyperref)             reference {section*.24}
(hyperref)             toclevel {3}
(hyperref)             type {toc}.
Package hyperref Info: Anchor `page.21' on input line 742.
 [21]
Package hyperref Info: Anchor `section*.25' on input line 743.
Package hyperref Info: bookmark on input line 743:
(hyperref)             thecounter {2.2.6.0}
(hyperref)             text {\protect \nonumberline \@currenttocentry }
(hyperref)             reference {section*.25}
(hyperref)             toclevel {3}
(hyperref)             type {toc}.

Overfull \hbox (87.52547pt too wide) in paragraph at lines 745--752
\T1/lmr/m/n/12 an-de-ren API's in-ter-a-gie-ren zu kn-nen. (vgl htt-ps://www.terraform.io/docs/language/providers/index.html)
 []

Package hyperref Info: Anchor `section*.26' on input line 753.
Package hyperref Info: bookmark on input line 753:
(hyperref)             thecounter {2.2.6.0}
(hyperref)             text {\protect \nonumberline \@currenttocentry }
(hyperref)             reference {section*.26}
(hyperref)             toclevel {3}
(hyperref)             type {toc}.
Package hyperref Info: Anchor `page.22' on input line 782.
[22]
Package hyperref Info: Anchor `chapter.3' on input line 782.

chapter 3.
Package hyperref Info: bookmark on input line 782:
(hyperref)             thecounter {3}
(hyperref)             text {\protect \numberline {\csname thechapter\endcsname }\@currenttocentry }
(hyperref)             reference {chapter.3}
(hyperref)             toclevel {0}
(hyperref)             type {toc}.
Package hyperref Info: Anchor `section.3.1' on input line 786.
Package hyperref Info: bookmark on input line 786:
(hyperref)             thecounter {3.1}
(hyperref)             text {\protect \numberline {\csname thesection\endcsname }\@currenttocentry }
(hyperref)             reference {section.3.1}
(hyperref)             toclevel {1}
(hyperref)             type {toc}.
Package hyperref Info: Anchor `section.3.2' on input line 790.
Package hyperref Info: bookmark on input line 790:
(hyperref)             thecounter {3.2}
(hyperref)             text {\protect \numberline {\csname thesection\endcsname }\@currenttocentry }
(hyperref)             reference {section.3.2}
(hyperref)             toclevel {1}
(hyperref)             type {toc}.
Package hyperref Info: Anchor `section.3.3' on input line 794.
Package hyperref Info: bookmark on input line 794:
(hyperref)             thecounter {3.3}
(hyperref)             text {\protect \numberline {\csname thesection\endcsname }\@currenttocentry }
(hyperref)             reference {section.3.3}
(hyperref)             toclevel {1}
(hyperref)             type {toc}.
Package hyperref Info: Anchor `section.3.4' on input line 796.
Package hyperref Info: bookmark on input line 796:
(hyperref)             thecounter {3.4}
(hyperref)             text {\protect \numberline {\csname thesection\endcsname }\@currenttocentry }
(hyperref)             reference {section.3.4}
(hyperref)             toclevel {1}
(hyperref)             type {toc}.
Package hyperref Info: Anchor `section.3.5' on input line 798.
Package hyperref Info: bookmark on input line 798:
(hyperref)             thecounter {3.5}
(hyperref)             text {\protect \numberline {\csname thesection\endcsname }\@currenttocentry }
(hyperref)             reference {section.3.5}
(hyperref)             toclevel {1}
(hyperref)             type {toc}.
Package hyperref Info: Anchor `section.3.6' on input line 800.
Package hyperref Info: bookmark on input line 800:
(hyperref)             thecounter {3.6}
(hyperref)             text {\protect \numberline {\csname thesection\endcsname }\@currenttocentry }
(hyperref)             reference {section.3.6}
(hyperref)             toclevel {1}
(hyperref)             type {toc}.
Package hyperref Info: Anchor `section.3.7' on input line 802.
Package hyperref Info: bookmark on input line 802:
(hyperref)             thecounter {3.7}
(hyperref)             text {\protect \numberline {\csname thesection\endcsname }\@currenttocentry }
(hyperref)             reference {section.3.7}
(hyperref)             toclevel {1}
(hyperref)             type {toc}.
Package hyperref Info: Anchor `section.3.8' on input line 804.
Package hyperref Info: bookmark on input line 804:
(hyperref)             thecounter {3.8}
(hyperref)             text {\protect \numberline {\csname thesection\endcsname }\@currenttocentry }
(hyperref)             reference {section.3.8}
(hyperref)             toclevel {1}
(hyperref)             type {toc}.
Package hyperref Info: Anchor `section.3.9' on input line 806.
Package hyperref Info: bookmark on input line 806:
(hyperref)             thecounter {3.9}
(hyperref)             text {\protect \numberline {\csname thesection\endcsname }\@currenttocentry }
(hyperref)             reference {section.3.9}
(hyperref)             toclevel {1}
(hyperref)             type {toc}.
Package hyperref Info: Reference (cite) `cite.doc:stz' on input line 809.
Package hyperref Info: Reference (cite) `cite.doc:gun' on input line 809.
Package hyperref Info: Anchor `page.23' on input line 811.
[23


Package `hyperref' Info: End of reference (cite) `cite.doc:stz', line 809.
Package `hyperref' Info: End of reference (cite) `cite.doc:gun', line 809.
]
Package hyperref Info: Anchor `chapter.4' on input line 811.

chapter 4.
Package hyperref Info: bookmark on input line 811:
(hyperref)             thecounter {4}
(hyperref)             text {\protect \numberline {\csname thechapter\endcsname }\@currenttocentry }
(hyperref)             reference {chapter.4}
(hyperref)             toclevel {0}
(hyperref)             type {toc}.
Package hyperref Info: Anchor `section.4.1' on input line 815.
Package hyperref Info: bookmark on input line 815:
(hyperref)             thecounter {4.1}
(hyperref)             text {\protect \numberline {\csname thesection\endcsname }\@currenttocentry }
(hyperref)             reference {section.4.1}
(hyperref)             toclevel {1}
(hyperref)             type {toc}.
)
Package hyperref Info: Anchor `page.24' on input line 51.
 [24


]
\openout2 = `chapters/ch-schluss.aux'.

 (./chapters/ch-schluss.tex
Package hyperref Info: Anchor `chapter.5' on input line 1.

chapter 5.
Package hyperref Info: bookmark on input line 1:
(hyperref)             thecounter {5}
(hyperref)             text {\protect \numberline {\csname thechapter\endcsname }\@currenttocentry }
(hyperref)             reference {chapter.5}
(hyperref)             toclevel {0}
(hyperref)             type {toc}.
Package hyperref Info: Anchor `section.5.1' on input line 5.
Package hyperref Info: bookmark on input line 5:
(hyperref)             thecounter {5.1}
(hyperref)             text {\protect \numberline {\csname thesection\endcsname }\@currenttocentry }
(hyperref)             reference {section.5.1}
(hyperref)             toclevel {1}
(hyperref)             type {toc}.
Package hyperref Info: Anchor `section.5.2' on input line 7.
Package hyperref Info: bookmark on input line 7:
(hyperref)             thecounter {5.2}
(hyperref)             text {\protect \numberline {\csname thesection\endcsname }\@currenttocentry }
(hyperref)             reference {section.5.2}
(hyperref)             toclevel {1}
(hyperref)             type {toc}.
Package hyperref Info: Anchor `section.5.3' on input line 9.
Package hyperref Info: bookmark on input line 9:
(hyperref)             thecounter {5.3}
(hyperref)             text {\protect \numberline {\csname thesection\endcsname }\@currenttocentry }
(hyperref)             reference {section.5.3}
(hyperref)             toclevel {1}
(hyperref)             type {toc}.
Package hyperref Info: Anchor `section.5.4' on input line 11.
Package hyperref Info: bookmark on input line 11:
(hyperref)             thecounter {5.4}
(hyperref)             text {\protect \numberline {\csname thesection\endcsname }\@currenttocentry }
(hyperref)             reference {section.5.4}
(hyperref)             toclevel {1}
(hyperref)             type {toc}.
)
Package hyperref Info: Anchor `page.25' on input line 52.
 [25




]
\openout2 = `chapters/ch-zz-anhang.aux'.

 (./chapters/ch-zz-anhang.tex
Package hyperref Info: Anchor `appendix.A' on input line 1.

chapter A.
Package hyperref Info: bookmark on input line 1:
(hyperref)             thecounter {A}
(hyperref)             text {\protect \numberline {\csname thechapter\endcsname }\@currenttocentry }
(hyperref)             reference {appendix.A}
(hyperref)             toclevel {0}
(hyperref)             type {toc}.
)
Package hyperref Info: Anchor `page.26' on input line 56.
 [26




] (./chapters/ch-zz-bibEinfach.tex
chapter without number
Package hyperref Info: Anchor `chapter*.27' on input line 1.
Package hyperref Info: bookmark on input line 1:
(hyperref)             thecounter {A}
(hyperref)             text {\protect \nonumberline \@currenttocentry }
(hyperref)             reference {chapter*.27}
(hyperref)             toclevel {0}
(hyperref)             type {toc}.
Package hyperref Info: Anchor `cite.doc:stz' on input line 2.
LaTeX Font Info:    Trying to load font information for T1+lmtt on input line 2.
(/usr/share/texmf/tex/latex/lm/t1lmtt.fd
File: t1lmtt.fd 2009/10/30 v1.6 Font defs for Latin Modern
)
Package hyperref Info: Anchor `cite.doc:gun' on input line 4.
)

Package caption Warning: Unused \captionsetup[subfloat] on input line 375.
See the caption package documentation for explanation.

Package atveryend Info: Empty hook `BeforeClearDocument' on input line 65.
Package hyperref Info: Anchor `page.27' on input line 65.
[27



Package `hyperref' Info: End of reference <VerboseLinkInfo>.
Package `hyperref' Info: End of reference <VerboseLinkInfo>.
]
Package atveryend Info: Empty hook `AfterLastShipout' on input line 65.
 (./vorlage.aux (./chapters/ch-aa-titel.aux) (./chapters/ch-aa-vorspiel.aux) (./chapters/ch-aa-zusfasg.aux) (./chapters/ch-einleitung.aux) (./chapters/ch-hauptteil.aux) (./chapters/ch-schluss.aux) (./chapters/ch-zz-anhang.aux))
Package atveryend Info: Executing hook `AtVeryEndDocument' on input line 65.
Package atveryend Info: Executing hook `AtEndAfterFileList' on input line 65.
Package rerunfilecheck Info: File `vorlage.out' has not changed.
(rerunfilecheck)             Checksum: D41D8CD98F00B204E9800998ECF8427E;0.
 ) 
Here is how much of TeX's memory you used:
 19287 strings out of 483057
 345190 string characters out of 5962301
 866939 words of memory out of 5000000
 33725 multiletter control sequences out of 15000+600000
 602115 words of font info for 70 fonts, out of 8000000 for 9000
 60 hyphenation exceptions out of 8191
 56i,21n,89p,10155b,860s stack positions out of 5000i,500n,10000p,200000b,80000s
{/usr/share/texmf/fonts/enc/dvips/lm/lm-ec.enc}{/usr/share/texmf/fonts/enc/dvips/lm/lm-ts1.enc}</usr/share/texmf/fonts/type1/public/lm/lmbx10.pfb></usr/share/texmf/fonts/type1/public/lm/lmbx12.pfb></usr/share/texmf/fonts/type1/public/lm/lmr10.pfb></usr/share/texmf/fonts/type1/public/lm/lmr12.pfb></usr/share/texmf/fonts/type1/public/lm/lmri12.pfb></usr/share/texmf/fonts/type1/public/lm/lmro12.pfb></usr/share/texmf/fonts/type1/public/lm/lmss12.pfb></usr/share/texmf/fonts/type1/public/lm/lmss17.pfb></usr/share/texmf/fonts/type1/public/lm/lmssbo10.pfb></usr/share/texmf/fonts/type1/public/lm/lmssbx10.pfb></usr/share/texmf/fonts/type1/public/lm/lmsso10.pfb></usr/share/texmf/fonts/type1/public/lm/lmtt12.pfb>
Output written on vorlage.pdf (37 pages, 973481 bytes).
PDF statistics:
 482 PDF objects out of 1000 (max. 8388607)
 410 compressed objects within 5 object streams
 101 named destinations out of 1000 (max. 500000)
 326 words of extra memory for PDF output out of 10000 (max. 10000000)

